Test on:M2 Seed:0 Filter:BENIGN
BENIGN 1154 1034 120 10.398613518197573
DoS Slowhttptest 1 0 1 100.0
DoS slowloris 9 1 8 88.88888888888889
未檢出:1034, 檢出(惡意)10, 檢出(未知)129, SSE檢出541, 總防禦率:0.3935483870967742
Test on:M2 Seed:42 Filter:BENIGN
BENIGN 1390 668 722 51.94244604316547
DoS GoldenEye 1 0 1 100.0
DoS Slowhttptest 3 1 2 66.66666666666667
未檢出:668, 檢出(惡意)4, 檢出(未知)725, SSE檢出311, 總防禦率:0.6082111436950146
Test on:M2 Seed:123 Filter:BENIGN
BENIGN 1212 687 525 43.31683168316832
未檢出:687, 檢出(惡意)0, 檢出(未知)525, SSE檢出493, 總防禦率:0.5970674486803519
Test on:M2 Seed:222 Filter:BENIGN
BENIGN 1334 995 339 25.412293853073464
DoS GoldenEye 2 0 2 100.0
DoS Hulk 3 0 3 100.0
DoS Slowhttptest 1 1 0 0.0
未檢出:995, 檢出(惡意)6, 檢出(未知)344, SSE檢出365, 總防禦率:0.41642228739002934
Test on:M2 Seed:419 Filter:BENIGN
BENIGN 1352 1115 237 17.52958579881657
未檢出:1115, 檢出(惡意)0, 檢出(未知)237, SSE檢出353, 總防禦率:0.3460410557184751
Test on:M2 Seed:844 Filter:BENIGN
BENIGN 1334 1052 282 21.13943028485757
未檢出:1052, 檢出(惡意)0, 檢出(未知)282, SSE檢出371, 總防禦率:0.38299120234604106
Test on:M2 Seed:918 Filter:BENIGN
BENIGN 1236 1071 165 13.349514563106796
DoS Hulk 14 0 14 100.0
DoS Slowhttptest 1 0 1 100.0
DoS slowloris 1 0 1 100.0
未檢出:1071, 檢出(惡意)16, 檢出(未知)181, SSE檢出453, 總防禦率:0.3718475073313783
Test on:M2 Seed:1344 Filter:BENIGN
BENIGN 1356 536 820 60.471976401179944
DoS Hulk 2 0 2 100.0
DoS Slowhttptest 2 0 2 100.0
DoS slowloris 3 0 3 100.0
未檢出:536, 檢出(惡意)7, 檢出(未知)827, SSE檢出342, 總防禦率:0.6856304985337244
Test on:M2 Seed:65536 Filter:BENIGN
BENIGN 1206 767 439 36.401326699834165
DoS GoldenEye 2 0 2 100.0
DoS Hulk 1 0 1 100.0
未檢出:767, 檢出(惡意)3, 檢出(未知)442, SSE檢出496, 總防禦率:0.5501466275659824
Test on:M2 Seed:815149 Filter:BENIGN
BENIGN 1301 646 655 50.34588777863182
DoS Slowhttptest 4 4 0 0.0
DoS slowloris 3 0 3 100.0
未檢出:646, 檢出(惡意)7, 檢出(未知)658, SSE檢出397, 總防禦率:0.6211143695014663
Test on:M2 Seed:0 Filter:DrDoS_NetBIOS
BENIGN 546068 974 545094 99.82163393570032
DoS Hulk 1 0 1 100.0
DoS Slowhttptest 256 0 256 100.0
未檢出:974, 檢出(惡意)257, 檢出(未知)545351, SSE檢出3546948, 總防禦率:0.9997620486099998
Test on:M2 Seed:42 Filter:DrDoS_NetBIOS
BENIGN 927286 1376 925910 99.85160996715145
未檢出:1376, 檢出(惡意)0, 檢出(未知)925910, SSE檢出3165987, 總防禦率:0.9996638386933879
Test on:M2 Seed:123 Filter:DrDoS_NetBIOS
BENIGN 2647688 1678279 969409 36.61341517580621
DoS Hulk 7 0 7 100.0
DoS Slowhttptest 1 0 1 100.0
未檢出:1678279, 檢出(惡意)8, 檢出(未知)969417, SSE檢出1445577, 總防禦率:0.5899909436775901
Test on:M2 Seed:222 Filter:DrDoS_NetBIOS
BENIGN 8371 8051 320 3.822721299725242
DoS GoldenEye 3 0 3 100.0
DoS Hulk 4 0 4 100.0
未檢出:8051, 檢出(惡意)7, 檢出(未知)327, SSE檢出4084895, 總防禦率:0.998033114331734
Test on:M2 Seed:419 Filter:DrDoS_NetBIOS
BENIGN 1299 1103 196 15.088529638183218
DoS GoldenEye 5 1 4 80.0
DoS Hulk 56 0 56 100.0
DoS slowloris 3 0 3 100.0
未檢出:1103, 檢出(惡意)64, 檢出(未知)259, SSE檢出4091910, 總防禦率:0.999730533487505
Test on:M2 Seed:844 Filter:DrDoS_NetBIOS
BENIGN 2528325 2522672 5653 0.22358676198669078
DoS GoldenEye 5 0 5 100.0
未檢出:2522672, 檢出(惡意)5, 檢出(未知)5658, SSE檢出1564943, 總防禦率:0.3837029682603628
Test on:M2 Seed:918 Filter:DrDoS_NetBIOS
BENIGN 14682 13400 1282 8.731780411388094
DoS GoldenEye 3 0 3 100.0
DoS Hulk 3 0 3 100.0
DoS Slowhttptest 531297 508573 22724 4.277080427708043
DoS slowloris 1 0 1 100.0
未檢出:13400, 檢出(惡意)531304, 檢出(未知)24013, SSE檢出3547287, 總防禦率:0.9967263361129346
Test on:M2 Seed:1344 Filter:DrDoS_NetBIOS
BENIGN 928284 107 928177 99.988473355137
DoS GoldenEye 6 5 1 16.666666666666668
DoS Slowhttptest 1 0 1 100.0
DoS slowloris 1181 0 1181 100.0
未檢出:107, 檢出(惡意)1188, 檢出(未知)929360, SSE檢出3163801, 總防禦率:0.9999738595495585
Test on:M2 Seed:65536 Filter:DrDoS_NetBIOS
BENIGN 3803616 1997 3801619 99.9474973288576
DoS Hulk 258 0 258 100.0
DoS Slowhttptest 153153 28586 124567 81.33500486441663
Heartbleed 2 0 2 100.0
未檢出:1997, 檢出(惡意)153413, 檢出(未知)3926446, SSE檢出136244, 總防禦率:0.9995121263595171
Test on:M2 Seed:815149 Filter:DrDoS_NetBIOS
BENIGN 6511 1211 5300 81.4007064966979
DoS GoldenEye 2 0 2 100.0
DoS Hulk 15 0 15 100.0
未檢出:1211, 檢出(惡意)17, 檢出(未知)5317, SSE檢出4086745, 總防禦率:0.9997041487337883
Test on:M1 Seed:0 Filter:BENIGN
BENIGN 1608 1529 79 4.912935323383085
DoS Hulk 60 52 8 13.333333333333334
DoS Slowhttptest 2 2 0 0.0
DoS slowloris 1 0 1 100.0
未檢出:1529, 檢出(惡意)63, 檢出(未知)88, SSE檢出34, 總防禦率:0.1032258064516129
Test on:M1 Seed:42 Filter:BENIGN
BENIGN 1647 1589 58 3.5215543412264725
DoS Hulk 1 1 0 0.0
未檢出:1589, 檢出(惡意)1, 檢出(未知)58, SSE檢出57, 總防禦率:0.06803519061583578
Test on:M1 Seed:123 Filter:BENIGN
BENIGN 1541 1518 23 1.492537313432836
DoS Hulk 65 61 4 6.153846153846154
DoS Slowhttptest 1 0 1 100.0
DoS slowloris 2 0 2 100.0
未檢出:1518, 檢出(惡意)68, 檢出(未知)30, SSE檢出96, 總防禦率:0.10967741935483871
Test on:M1 Seed:222 Filter:BENIGN
BENIGN 1570 1538 32 2.038216560509554
DoS Hulk 56 52 4 7.142857142857143
DoS Slowhttptest 4 3 1 25.0
未檢出:1538, 檢出(惡意)60, 檢出(未知)37, SSE檢出75, 總防禦率:0.09794721407624633
Test on:M1 Seed:419 Filter:BENIGN
BENIGN 1561 1553 8 0.5124919923126201
DoS Hulk 66 65 1 1.5151515151515151
DoS Slowhttptest 2 1 1 50.0
未檢出:1553, 檢出(惡意)68, 檢出(未知)10, SSE檢出76, 總防禦率:0.08914956011730206
Test on:M1 Seed:844 Filter:BENIGN
BENIGN 1570 1524 46 2.929936305732484
DoS Hulk 66 65 1 1.5151515151515151
DoS Slowhttptest 2 0 2 100.0
未檢出:1524, 檢出(惡意)68, 檢出(未知)49, SSE檢出67, 總防禦率:0.106158357771261
Test on:M1 Seed:918 Filter:BENIGN
BENIGN 1544 1528 16 1.0362694300518134
DoS Hulk 65 57 8 12.307692307692308
DoS Slowhttptest 13 13 0 0.0
未檢出:1528, 檢出(惡意)78, 檢出(未知)24, SSE檢出83, 總防禦率:0.10381231671554252
Test on:M1 Seed:1344 Filter:BENIGN
BENIGN 1589 1536 53 3.3354310887350533
DoS Hulk 46 27 19 41.30434782608695
DoS Slowhttptest 2 0 2 100.0
未檢出:1536, 檢出(惡意)48, 檢出(未知)74, SSE檢出68, 總防禦率:0.09912023460410557
Test on:M1 Seed:65536 Filter:BENIGN
BENIGN 1576 1454 122 7.741116751269035
DoS Hulk 68 13 55 80.88235294117646
DoS Slowhttptest 4 2 2 50.0
未檢出:1454, 檢出(惡意)72, 檢出(未知)179, SSE檢出57, 總防禦率:0.1472140762463343
Test on:M1 Seed:815149 Filter:BENIGN
BENIGN 1586 1536 50 3.1525851197982346
DoS Hulk 43 35 8 18.6046511627907
未檢出:1536, 檢出(惡意)43, 檢出(未知)58, SSE檢出76, 總防禦率:0.09912023460410557
Test on:M1 Seed:0 Filter:DrDoS_NetBIOS
BENIGN 4072089 2995318 1076771 26.442717730383595
DoS GoldenEye 1 0 1 100.0
DoS Hulk 4 1 3 75.0
DoS Slowhttptest 15452 5873 9579 61.99197514884805
未檢出:2995318, 檢出(惡意)15457, 檢出(未知)1086354, SSE檢出5727, 總防禦率:0.2682340024718605
Test on:M1 Seed:42 Filter:DrDoS_NetBIOS
BENIGN 4062305 513934 3548371 87.34870966114066
DoS Hulk 5 4 1 20.0
DoS Slowhttptest 151 41 110 72.8476821192053
未檢出:513934, 檢出(惡意)156, 檢出(未知)3548482, SSE檢出30812, 總防禦率:0.8744442405869337
Test on:M1 Seed:123 Filter:DrDoS_NetBIOS
BENIGN 3381078 119181 3261897 96.47505913794357
DoS GoldenEye 5 0 5 100.0
DoS Hulk 14 1 13 92.85714285714286
DoS Slowhttptest 531858 3896 527962 99.2674736489815
DoS slowloris 161634 0 161634 100.0
預測為 Heartbleed 類 共：161
未檢出:119181, 檢出(惡意)693511, 檢出(未知)3951511, SSE檢出18549, 總防禦率:0.9708836913638548
Test on:M1 Seed:222 Filter:DrDoS_NetBIOS
BENIGN 2850994 2351540 499454 17.518591761329557
DoS Hulk 1 1 0 0.0
DoS Slowhttptest 1540 0 1540 100.0
未檢出:2351540, 檢出(惡意)1541, 檢出(未知)500994, SSE檢出1240738, 總防禦率:0.42551107634404056
Test on:M1 Seed:419 Filter:DrDoS_NetBIOS
BENIGN 54468 6930 47538 87.2769332452082
DoS Hulk 3 2 1 33.333333333333336
DoS Slowhttptest 4035104 3390423 644681 15.976812493556547
未檢出:6930, 檢出(惡意)4035107, 檢出(未知)692220, SSE檢出3698, 總防禦率:0.9983069783031818
Test on:M1 Seed:844 Filter:DrDoS_NetBIOS
BENIGN 4089817 3867 4085950 99.90544809217626
DoS Hulk 9 4 5 55.55555555555556
DoS Slowhttptest 1649 653 996 60.400242571255305
DoS slowloris 4 0 4 100.0
未檢出:3867, 檢出(惡意)1662, 檢出(未知)4086955, SSE檢出1794, 總防禦率:0.9990552792349789
Test on:M1 Seed:918 Filter:DrDoS_NetBIOS
BENIGN 3149259 3147152 2107 0.06690462740600249
DoS Hulk 34 5 29 85.29411764705883
DoS Slowhttptest 1740 1725 15 0.8620689655172413
未檢出:3147152, 檢出(惡意)1774, 檢出(未知)2151, SSE檢出942240, 總防禦率:0.2311404589921073
Test on:M1 Seed:1344 Filter:DrDoS_NetBIOS
BENIGN 3427652 3407 3424245 99.90060251157352
DoS GoldenEye 1996 0 1996 100.0
DoS Hulk 535 1 534 99.81308411214954
DoS Slowhttptest 1 0 1 100.0
DoS slowloris 2236 0 2236 100.0
未檢出:3407, 檢出(惡意)4768, 檢出(未知)3429012, SSE檢出660853, 總防禦率:0.9991676587415499
Test on:M1 Seed:65536 Filter:DrDoS_NetBIOS
BENIGN 249018 3418 245600 98.62740846043258
DoS Hulk 67 2 65 97.01492537313433
DoS Slowhttptest 3843187 3377647 465540 12.113384022167018
未檢出:3418, 檢出(惡意)3843254, 檢出(未知)711205, SSE檢出1001, 總防禦率:0.9991649714055232
Test on:M1 Seed:815149 Filter:DrDoS_NetBIOS
BENIGN 3814664 3810938 3726 0.09767570616966527
DoS Hulk 3 1 2 66.66666666666667
DoS Slowhttptest 4 0 4 100.0
DoS slowloris 147678 0 147678 100.0
未檢出:3810938, 檢出(惡意)147685, 檢出(未知)151410, SSE檢出130924, 總防禦率:0.06897536519064328
