Test on:M2 Seed:0 Filter:BENIGN
BENIGN 1526 1365 161 10.55045871559633
DoS slowloris 10 2 8 80.0
未檢出:1365, 檢出(惡意)10, 檢出(未知)169, SSE檢出615, 總防禦率:0.36541143654114366
Test on:M2 Seed:42 Filter:BENIGN
BENIGN 1742 792 950 54.53501722158438
DoS Slowhttptest 6 1 5 83.33333333333333
未檢出:792, 檢出(惡意)6, 檢出(未知)955, SSE檢出403, 總防禦率:0.6317991631799164
Test on:M2 Seed:123 Filter:BENIGN
BENIGN 1541 858 683 44.321868916288125
DoS slowloris 2 2 0 0.0
未檢出:858, 檢出(惡意)2, 檢出(未知)683, SSE檢出608, 總防禦率:0.601115760111576
Test on:M2 Seed:222 Filter:BENIGN
BENIGN 1763 1336 427 24.220079410096428
DoS GoldenEye 4 0 4 100.0
DoS Hulk 3 0 3 100.0
未檢出:1336, 檢出(惡意)7, 檢出(未知)434, SSE檢出381, 總防禦率:0.3788935378893538
Test on:M2 Seed:419 Filter:BENIGN
BENIGN 1739 1405 334 19.20644048303623
DoS Slowhttptest 1 0 1 100.0
未檢出:1405, 檢出(惡意)1, 檢出(未知)335, SSE檢出411, 總防禦率:0.34681543468154347
Test on:M2 Seed:844 Filter:BENIGN
BENIGN 1716 1322 394 22.96037296037296
DoS Hulk 2 0 2 100.0
未檢出:1322, 檢出(惡意)2, 檢出(未知)396, SSE檢出433, 總防禦率:0.3854021385402139
Test on:M2 Seed:918 Filter:BENIGN
BENIGN 1627 1315 312 19.17639827904118
DoS GoldenEye 5 0 5 100.0
DoS Hulk 10 0 10 100.0
未檢出:1315, 檢出(惡意)15, 檢出(未知)327, SSE檢出509, 總防禦率:0.3886564388656439
Test on:M2 Seed:1344 Filter:BENIGN
BENIGN 1733 678 1055 60.87709174841316
DoS Hulk 2 0 2 100.0
DoS Slowhttptest 1 0 1 100.0
DoS slowloris 2 0 2 100.0
未檢出:678, 檢出(惡意)5, 檢出(未知)1060, SSE檢出413, 總防禦率:0.6847977684797768
Test on:M2 Seed:65536 Filter:BENIGN
BENIGN 1505 943 562 37.3421926910299
DoS GoldenEye 1 0 1 100.0
DoS Hulk 1 0 1 100.0
未檢出:943, 檢出(惡意)2, 檢出(未知)564, SSE檢出644, 總防禦率:0.5615992561599256
Test on:M2 Seed:815149 Filter:BENIGN
BENIGN 1698 818 880 51.82567726737338
DoS Slowhttptest 1 1 0 0.0
DoS slowloris 5 0 5 100.0
未檢出:818, 檢出(惡意)6, 檢出(未知)885, SSE檢出447, 總防禦率:0.6197117619711762
Test on:M2 Seed:0 Filter:DrDoS_UDP
BENIGN 179933 929 179004 99.4836967093307
DoS Hulk 1 0 1 100.0
DoS Slowhttptest 174 1 173 99.42528735632185
未檢出:929, 檢出(惡意)175, 檢出(未知)179178, SSE檢出2954535, 總防禦率:0.9997036345127659
Test on:M2 Seed:42 Filter:DrDoS_UDP
BENIGN 1591431 15496 1575935 99.02628514839789
DoS Slowhttptest 3 0 3 100.0
未檢出:15496, 檢出(惡意)3, 檢出(未知)1575938, SSE檢出1543209, 總防禦率:0.9950565343485686
Test on:M2 Seed:123 Filter:DrDoS_UDP
BENIGN 695038 284422 410616 59.0782086734826
DoS GoldenEye 1 0 1 100.0
DoS Hulk 16 0 16 100.0
DoS Slowhttptest 79 0 79 100.0
DoS slowloris 3 0 3 100.0
未檢出:284422, 檢出(惡意)99, 檢出(未知)410715, SSE檢出2439506, 總防禦率:0.9092649465983845
Test on:M2 Seed:222 Filter:DrDoS_UDP
BENIGN 166473 164152 2321 1.3942200837373027
DoS GoldenEye 3 0 3 100.0
DoS Hulk 13 0 13 100.0
未檢出:164152, 檢出(惡意)16, 檢出(未知)2337, SSE檢出2968154, 總防禦率:0.9476329521415995
Test on:M2 Seed:419 Filter:DrDoS_UDP
BENIGN 79246 67142 12104 15.273957045150544
DoS GoldenEye 6 4 2 33.333333333333336
DoS Hulk 111 0 111 100.0
DoS slowloris 2 0 2 100.0
未檢出:67142, 檢出(惡意)119, 檢出(未知)12219, SSE檢出3055278, 總防禦率:0.9785806549581563
Test on:M2 Seed:844 Filter:DrDoS_UDP
BENIGN 435203 40114 395089 90.78269221489741
DoS GoldenEye 7 0 7 100.0
DoS Hulk 2 0 2 100.0
DoS Slowhttptest 2 1 1 50.0
未檢出:40114, 檢出(惡意)11, 檢出(未知)395099, SSE檢出2699429, 總防禦率:0.9872030084446618
Test on:M2 Seed:918 Filter:DrDoS_UDP
BENIGN 1537767 84219 1453548 94.52329254041737
DoS GoldenEye 7 0 7 100.0
DoS Hulk 8 0 8 100.0
DoS Slowhttptest 172510 171945 565 0.3275172453770796
未檢出:84219, 檢出(惡意)172525, 檢出(未知)1454128, SSE檢出1424351, 總防禦率:0.9731328256519164
Test on:M2 Seed:1344 Filter:DrDoS_UDP
BENIGN 1913543 664 1912879 99.96529996974199
DoS GoldenEye 16 11 5 31.25
DoS Slowhttptest 2 0 2 100.0
DoS slowloris 5833 0 5833 100.0
未檢出:664, 檢出(惡意)5851, 檢出(未知)1918719, SSE檢出1215249, 總防禦率:0.9997881736452923
Test on:M2 Seed:65536 Filter:DrDoS_UDP
BENIGN 1345450 2202 1343248 99.83633728492326
DoS Hulk 31 0 31 100.0
DoS Slowhttptest 101095 47775 53320 52.74246995400366
Heartbleed 7 0 7 100.0
未檢出:2202, 檢出(惡意)101133, 檢出(未知)1396606, SSE檢出1688060, 總防禦率:0.9992975276610446
Test on:M2 Seed:815149 Filter:DrDoS_UDP
BENIGN 90701 259 90442 99.71444636773575
DoS GoldenEye 5 0 5 100.0
DoS Hulk 32 0 32 100.0
未檢出:259, 檢出(惡意)37, 檢出(未知)90479, SSE檢出3043905, 總防禦率:0.9999173749610403
Test on:M1 Seed:0 Filter:BENIGN
BENIGN 2027 1941 86 4.242723236309818
DoS Hulk 71 61 10 14.084507042253522
DoS Slowhttptest 8 7 1 12.5
未檢出:1941, 檢出(惡意)79, 檢出(未知)97, SSE檢出45, 總防禦率:0.09762900976290098
Test on:M1 Seed:42 Filter:BENIGN
BENIGN 2078 2010 68 3.2723772858517806
DoS Hulk 1 1 0 0.0
DoS Slowhttptest 1 0 1 100.0
未檢出:2010, 檢出(惡意)2, 檢出(未知)69, SSE檢出71, 總防禦率:0.06555090655509066
Test on:M1 Seed:123 Filter:BENIGN
BENIGN 1949 1908 41 2.103642893791688
DoS Hulk 77 73 4 5.194805194805195
DoS Slowhttptest 3 3 0 0.0
DoS slowloris 5 0 5 100.0
未檢出:1908, 檢出(惡意)85, 檢出(未知)50, SSE檢出117, 總防禦率:0.11297071129707113
Test on:M1 Seed:222 Filter:BENIGN
BENIGN 2011 1966 45 2.2376926902038785
DoS Hulk 68 66 2 2.9411764705882355
DoS Slowhttptest 4 3 1 25.0
DoS slowloris 2 0 2 100.0
未檢出:1966, 檢出(惡意)74, 檢出(未知)50, SSE檢出66, 總防禦率:0.08600650860065086
Test on:M1 Seed:419 Filter:BENIGN
BENIGN 1977 1965 12 0.6069802731411229
DoS Hulk 77 77 0 0.0
DoS Slowhttptest 6 5 1 16.666666666666668
未檢出:1965, 檢出(惡意)83, 檢出(未知)13, SSE檢出91, 總防禦率:0.08647140864714087
Test on:M1 Seed:844 Filter:BENIGN
BENIGN 1997 1875 122 6.109163745618428
DoS Hulk 77 76 1 1.2987012987012987
DoS Slowhttptest 3 3 0 0.0
未檢出:1875, 檢出(惡意)80, 檢出(未知)123, SSE檢出74, 總防禦率:0.12831241283124128
Test on:M1 Seed:918 Filter:BENIGN
BENIGN 1955 1907 48 2.455242966751918
DoS Hulk 76 72 4 5.2631578947368425
DoS Slowhttptest 13 13 0 0.0
未檢出:1907, 檢出(惡意)89, 檢出(未知)52, SSE檢出107, 總防禦率:0.11343561134356113
Test on:M1 Seed:1344 Filter:BENIGN
BENIGN 1989 1920 69 3.469079939668175
DoS Hulk 57 37 20 35.08771929824562
DoS Slowhttptest 6 1 5 83.33333333333333
未檢出:1920, 檢出(惡意)63, 檢出(未知)94, SSE檢出99, 總防禦率:0.10739191073919108
Test on:M1 Seed:65536 Filter:BENIGN
BENIGN 1991 1762 229 11.50175791059769
DoS Hulk 77 24 53 68.83116883116882
DoS Slowhttptest 4 3 1 25.0
未檢出:1762, 檢出(惡意)81, 檢出(未知)283, SSE檢出79, 總防禦率:0.18084611808461182
Test on:M1 Seed:815149 Filter:BENIGN
BENIGN 2013 1949 64 3.1793343268753107
DoS Hulk 57 56 1 1.7543859649122806
DoS Slowhttptest 2 0 2 100.0
未檢出:1949, 檢出(惡意)59, 檢出(未知)67, SSE檢出79, 總防禦率:0.09390980939098094
Test on:M1 Seed:0 Filter:DrDoS_UDP
BENIGN 1522482 2321 1520161 99.847551563828
DoS Hulk 19 5 14 73.6842105263158
DoS Slowhttptest 17385 4024 13361 76.85360943341962
未檢出:2321, 檢出(惡意)17404, 檢出(未知)1533536, SSE檢出1594757, 總防禦率:0.9992595648053064
Test on:M1 Seed:42 Filter:DrDoS_UDP
BENIGN 2623772 1284239 1339533 51.05371198412057
DoS Hulk 21 20 1 4.761904761904762
DoS Slowhttptest 6 6 0 0.0
未檢出:1284239, 檢出(惡意)27, 檢出(未知)1339534, SSE檢出510844, 總防禦率:0.590307732012864
Test on:M1 Seed:123 Filter:DrDoS_UDP
BENIGN 2488895 1551672 937223 37.65618879060788
DoS Hulk 24 18 6 25.0
DoS Slowhttptest 222383 170687 51696 23.246381243170568
DoS slowloris 411150 0 411150 100.0
預測為 Heartbleed 類 共：2798
未檢出:1551672, 檢出(惡意)633557, 檢出(未知)1400075, SSE檢出9433, 總防禦率:0.5049924345451778
Test on:M1 Seed:222 Filter:DrDoS_UDP
BENIGN 885197 710946 174251 19.684996673056958
DoS Hulk 24 7 17 70.83333333333333
未檢出:710946, 檢出(惡意)24, 檢出(未知)174268, SSE檢出2249422, 總防禦率:0.7731971391957553
Test on:M1 Seed:419 Filter:DrDoS_UDP
BENIGN 679402 388992 290410 42.744943347237715
DoS Hulk 23 23 0 0.0
DoS Slowhttptest 1259962 170941 1089021 86.43284480008127
未檢出:388992, 檢出(惡意)1259985, 檢出(未知)1379431, SSE檢出1195256, 總防禦率:0.8759054858878667
Test on:M1 Seed:844 Filter:DrDoS_UDP
BENIGN 2941482 509921 2431561 82.66448681310986
DoS Hulk 23 20 3 13.043478260869565
DoS Slowhttptest 1 0 1 100.0
未檢出:509921, 檢出(惡意)24, 檢出(未知)2431565, SSE檢出193137, 總防禦率:0.8373272490679162
Test on:M1 Seed:918 Filter:DrDoS_UDP
BENIGN 1576922 1572729 4193 0.265897742564312
DoS Hulk 28 25 3 10.714285714285714
DoS Slowhttptest 2 0 2 100.0
未檢出:1572729, 檢出(惡意)30, 檢出(未知)4198, SSE檢出1557691, 總防禦率:0.4982749231730695
Test on:M1 Seed:1344 Filter:DrDoS_UDP
BENIGN 1957158 616474 1340684 68.50157217761672
DoS GoldenEye 97 0 97 100.0
DoS Hulk 21 10 11 52.38095238095238
DoS slowloris 364 0 364 100.0
未檢出:616474, 檢出(惡意)482, 檢出(未知)1341156, SSE檢出1177003, 總防禦率:0.8033351804336252
Test on:M1 Seed:65536 Filter:DrDoS_UDP
BENIGN 1579646 1217204 362442 22.94450782010653
DoS Hulk 36 6 30 83.33333333333333
DoS Slowhttptest 1539726 912491 627235 40.73679342948031
未檢出:1217204, 檢出(惡意)1539762, 檢出(未知)989707, SSE檢出15235, 總防禦率:0.6116929423861026
Test on:M1 Seed:815149 Filter:DrDoS_UDP
BENIGN 2091099 2045784 45315 2.1670423064618176
DoS Hulk 54 5 49 90.74074074074075
DoS Slowhttptest 18 1 17 94.44444444444444
DoS slowloris 47667 0 47667 100.0
未檢出:2045784, 檢出(惡意)47739, 檢出(未知)93048, SSE檢出995805, 總防禦率:0.347363001145585
