Test on:M2 Seed:0 Filter:BENIGN
BENIGN 1393 1272 121 8.686288585786073
DoS slowloris 14 9 5 35.714285714285715
未檢出:1272, 檢出(惡意)14, 檢出(未知)126, SSE檢出588, 總防禦率:0.362406015037594
Test on:M2 Seed:42 Filter:BENIGN
BENIGN 1619 773 846 52.254478072884496
DoS Hulk 1 0 1 100.0
DoS Slowhttptest 13 2 11 84.61538461538461
未檢出:773, 檢出(惡意)14, 檢出(未知)858, SSE檢出362, 總防禦率:0.612531328320802
Test on:M2 Seed:123 Filter:BENIGN
BENIGN 1487 832 655 44.04841963685272
DoS Slowhttptest 3 0 3 100.0
未檢出:832, 檢出(惡意)3, 檢出(未知)658, SSE檢出505, 總防禦率:0.5829573934837092
Test on:M2 Seed:222 Filter:BENIGN
BENIGN 1589 1215 374 23.536815607300188
DoS Hulk 2 0 2 100.0
DoS Slowhttptest 1 1 0 0.0
未檢出:1215, 檢出(惡意)3, 檢出(未知)376, SSE檢出403, 總防禦率:0.39097744360902253
Test on:M2 Seed:419 Filter:BENIGN
BENIGN 1600 1312 288 18.0
DoS Hulk 3 0 3 100.0
DoS Slowhttptest 1 1 0 0.0
DoS slowloris 1 0 1 100.0
未檢出:1312, 檢出(惡意)5, 檢出(未知)292, SSE檢出390, 總防禦率:0.3423558897243108
Test on:M2 Seed:844 Filter:BENIGN
BENIGN 1580 1169 411 26.0126582278481
未檢出:1169, 檢出(惡意)0, 檢出(未知)411, SSE檢出415, 總防禦率:0.41403508771929826
Test on:M2 Seed:918 Filter:BENIGN
BENIGN 1510 1191 319 21.125827814569536
DoS GoldenEye 2 0 2 100.0
DoS Hulk 15 0 15 100.0
DoS slowloris 1 0 1 100.0
未檢出:1191, 檢出(惡意)18, 檢出(未知)337, SSE檢出467, 總防禦率:0.4030075187969925
Test on:M2 Seed:1344 Filter:BENIGN
BENIGN 1609 711 898 55.81106277190802
DoS Slowhttptest 2 0 2 100.0
未檢出:711, 檢出(惡意)2, 檢出(未知)900, SSE檢出384, 總防禦率:0.643609022556391
Test on:M2 Seed:65536 Filter:BENIGN
BENIGN 1431 920 511 35.70929419986024
未檢出:920, 檢出(惡意)0, 檢出(未知)511, SSE檢出564, 總防禦率:0.5388471177944862
Test on:M2 Seed:815149 Filter:BENIGN
BENIGN 1552 804 748 48.1958762886598
DoS Slowhttptest 3 3 0 0.0
DoS slowloris 12 0 12 100.0
未檢出:804, 檢出(惡意)15, 檢出(未知)760, SSE檢出428, 總防禦率:0.5969924812030075
Test on:M2 Seed:0 Filter:DrDoS_MSSQL
BENIGN 330410 813 329597 99.75394207197118
DoS Slowhttptest 23381 0 23381 100.0
未檢出:813, 檢出(惡意)23381, 檢出(未知)352978, SSE檢出4168698, 總防禦率:0.9998202317352237
Test on:M2 Seed:42 Filter:DrDoS_MSSQL
BENIGN 457359 152 457207 99.96676571358604
DoS Slowhttptest 13 1 12 92.3076923076923
未檢出:152, 檢出(惡意)13, 檢出(未知)457219, SSE檢出4065117, 總防禦率:0.9999663901891193
Test on:M2 Seed:123 Filter:DrDoS_MSSQL
BENIGN 514503 219744 294759 57.290044956006085
DoS Slowhttptest 1 0 1 100.0
未檢出:219744, 檢出(惡意)1, 檢出(未知)294760, SSE檢出4007985, 總防禦率:0.9514108270910112
Test on:M2 Seed:222 Filter:DrDoS_MSSQL
BENIGN 18670 17729 941 5.040171397964649
DoS GoldenEye 1 0 1 100.0
DoS Slowhttptest 10 10 0 0.0
未檢出:17729, 檢出(惡意)11, 檢出(未知)942, SSE檢出4503808, 總防禦率:0.9960798135716858
Test on:M2 Seed:419 Filter:DrDoS_MSSQL
BENIGN 319 267 52 16.300940438871475
DoS Hulk 60 0 60 100.0
DoS Slowhttptest 1 1 0 0.0
未檢出:267, 檢出(惡意)61, 檢出(未知)112, SSE檢出4522109, 總防禦率:0.999940961713782
Test on:M2 Seed:844 Filter:DrDoS_MSSQL
BENIGN 519553 120685 398868 76.7713784734185
未檢出:120685, 檢出(惡意)0, 檢出(未知)398868, SSE檢出4002936, 總防禦率:0.9733144735122629
Test on:M2 Seed:918 Filter:DrDoS_MSSQL
BENIGN 11717 9834 1883 16.070666552871895
DoS Slowhttptest 339785 338064 1721 0.5064967553011464
未檢出:9834, 檢出(惡意)339785, 檢出(未知)3604, SSE檢出4170987, 總防禦率:0.9978255336828901
Test on:M2 Seed:1344 Filter:DrDoS_MSSQL
BENIGN 769131 55 769076 99.9928490725247
DoS Slowhttptest 1 0 1 100.0
DoS slowloris 28854 0 28854 100.0
未檢出:55, 檢出(惡意)28855, 檢出(未知)797931, SSE檢出3724503, 總防禦率:0.9999878385552734
Test on:M2 Seed:65536 Filter:DrDoS_MSSQL
BENIGN 3985698 224 3985474 99.99437990535158
DoS Hulk 42 0 42 100.0
DoS Slowhttptest 248103 150683 97420 39.26595002881868
未檢出:224, 檢出(惡意)248145, 檢出(未知)4082936, SSE檢出288646, 總防禦率:0.9999504697523863
Test on:M2 Seed:815149 Filter:DrDoS_MSSQL
BENIGN 2706 40 2666 98.52180339985217
DoS Hulk 6 0 6 100.0
未檢出:40, 檢出(惡意)6, 檢出(未知)2672, SSE檢出4519777, 總防禦率:0.9999911553129261
Test on:M1 Seed:0 Filter:BENIGN
BENIGN 1871 1771 100 5.344735435595938
DoS Hulk 78 75 3 3.8461538461538463
DoS Slowhttptest 7 6 1 14.285714285714286
DoS slowloris 1 0 1 100.0
未檢出:1771, 檢出(惡意)86, 檢出(未知)105, SSE檢出38, 總防禦率:0.11228070175438597
Test on:M1 Seed:42 Filter:BENIGN
BENIGN 1962 1876 86 4.383282364933741
未檢出:1876, 檢出(惡意)0, 檢出(未知)86, SSE檢出33, 總防禦率:0.05964912280701754
Test on:M1 Seed:123 Filter:BENIGN
BENIGN 1859 1820 39 2.097902097902098
DoS Hulk 88 83 5 5.681818181818182
DoS Slowhttptest 5 5 0 0.0
DoS slowloris 2 0 2 100.0
未檢出:1820, 檢出(惡意)95, 檢出(未知)46, SSE檢出41, 總防禦率:0.08771929824561403
Test on:M1 Seed:222 Filter:BENIGN
BENIGN 1860 1824 36 1.935483870967742
DoS Hulk 77 75 2 2.5974025974025974
DoS Slowhttptest 8 6 2 25.0
DoS slowloris 1 0 1 100.0
未檢出:1824, 檢出(惡意)86, 檢出(未知)41, SSE檢出49, 總防禦率:0.08571428571428572
Test on:M1 Seed:419 Filter:BENIGN
BENIGN 1864 1846 18 0.9656652360515021
DoS Hulk 86 84 2 2.3255813953488373
DoS Slowhttptest 5 3 2 40.0
未檢出:1846, 檢出(惡意)91, 檢出(未知)22, SSE檢出40, 總防禦率:0.07468671679197995
Test on:M1 Seed:844 Filter:BENIGN
BENIGN 1836 1700 136 7.407407407407407
DoS Hulk 85 84 1 1.1764705882352942
DoS Slowhttptest 7 5 2 28.571428571428573
未檢出:1700, 檢出(惡意)92, 檢出(未知)139, SSE檢出67, 總防禦率:0.14786967418546365
Test on:M1 Seed:918 Filter:BENIGN
BENIGN 1830 1746 84 4.590163934426229
DoS Hulk 85 81 4 4.705882352941177
DoS Slowhttptest 17 17 0 0.0
未檢出:1746, 檢出(惡意)102, 檢出(未知)88, SSE檢出63, 總防禦率:0.12481203007518797
Test on:M1 Seed:1344 Filter:BENIGN
BENIGN 1864 1781 83 4.452789699570816
DoS Hulk 71 37 34 47.88732394366197
DoS Slowhttptest 6 1 5 83.33333333333333
未檢出:1781, 檢出(惡意)77, 檢出(未知)122, SSE檢出54, 總防禦率:0.10726817042606517
Test on:M1 Seed:65536 Filter:BENIGN
BENIGN 1840 1686 154 8.369565217391305
DoS Hulk 84 25 59 70.23809523809524
DoS Slowhttptest 5 4 1 20.0
未檢出:1686, 檢出(惡意)89, 檢出(未知)214, SSE檢出66, 總防禦率:0.1548872180451128
Test on:M1 Seed:815149 Filter:BENIGN
BENIGN 1868 1799 69 3.6937901498929335
DoS Hulk 73 55 18 24.65753424657534
DoS slowloris 1 0 1 100.0
未檢出:1799, 檢出(惡意)74, 檢出(未知)88, SSE檢出53, 總防禦率:0.09824561403508772
Test on:M1 Seed:0 Filter:DrDoS_MSSQL
BENIGN 2995243 2672 2992571 99.91079187898946
DoS Hulk 18 9 9 50.0
DoS Slowhttptest 1230240 475487 754753 61.35006177656392
未檢出:2672, 檢出(惡意)1230258, 檢出(未知)3747333, SSE檢出296988, 總防禦率:0.9994091749034658
Test on:M1 Seed:42 Filter:DrDoS_MSSQL
BENIGN 4020575 319733 3700842 92.04758025904255
DoS Hulk 17 17 0 0.0
DoS Slowhttptest 21 3 18 85.71428571428571
未檢出:319733, 檢出(惡意)38, 檢出(未知)3700860, SSE檢出501876, 總防禦率:0.9293015416952921
Test on:M1 Seed:123 Filter:DrDoS_MSSQL
BENIGN 1343157 3092 1340065 99.76979608489552
DoS GoldenEye 16 0 16 100.0
DoS Hulk 18 18 0 0.0
DoS Slowhttptest 408016 338045 69971 17.149082388925926
DoS slowloris 1249992 0 1249992 100.0
預測為 Heartbleed 類 共：136
未檢出:3092, 檢出(惡意)1658042, 檢出(未知)2660044, SSE檢出1521158, 總防禦率:0.9993163056891902
Test on:M1 Seed:222 Filter:DrDoS_MSSQL
BENIGN 344705 10137 334568 97.05922455432906
DoS Hulk 18 15 3 16.666666666666668
未檢出:10137, 檢出(惡意)18, 檢出(未知)334571, SSE檢出4177766, 總防禦率:0.9977585351783056
Test on:M1 Seed:419 Filter:DrDoS_MSSQL
BENIGN 3634869 202921 3431948 94.41737790275248
DoS Hulk 18 18 0 0.0
DoS Slowhttptest 622554 210295 412259 66.22060094385387
未檢出:202921, 檢出(惡意)622572, 檢出(未知)3844207, SSE檢出265048, 總防禦率:0.9551306813571022
Test on:M1 Seed:844 Filter:DrDoS_MSSQL
BENIGN 4464283 40186 4424097 99.0998330526985
DoS Hulk 18 18 0 0.0
DoS Slowhttptest 853 0 853 100.0
未檢出:40186, 檢出(惡意)871, 檢出(未知)4424950, SSE檢出57335, 總防禦率:0.9911141851312408
Test on:M1 Seed:918 Filter:DrDoS_MSSQL
BENIGN 2676618 2537647 138971 5.192037115494254
DoS Hulk 18 18 0 0.0
DoS Slowhttptest 695 690 5 0.7194244604316546
未檢出:2537647, 檢出(惡意)713, 檢出(未知)138976, SSE檢出1845158, 總防禦率:0.4388826595266456
Test on:M1 Seed:1344 Filter:DrDoS_MSSQL
BENIGN 3582414 2976 3579438 99.91692752428949
DoS GoldenEye 4342 0 4342 100.0
DoS Hulk 18 16 2 11.11111111111111
DoS slowloris 467010 0 467010 100.0
未檢出:2976, 檢出(惡意)471370, 檢出(未知)4050792, SSE檢出468705, 總防禦率:0.9993419552817044
Test on:M1 Seed:65536 Filter:DrDoS_MSSQL
BENIGN 740178 132243 607935 82.13362191256698
DoS Hulk 19 10 9 47.36842105263158
DoS Slowhttptest 3780270 3513180 267090 7.0653683467053945
未檢出:132243, 檢出(惡意)3780289, 檢出(未知)875034, SSE檢出2022, 總防禦率:0.9707588011822693
Test on:M1 Seed:815149 Filter:DrDoS_MSSQL
BENIGN 4208689 4089382 119307 2.8347782409201536
DoS Hulk 18 11 7 38.888888888888886
DoS Slowhttptest 395 0 395 100.0
DoS slowloris 152178 56 152122 99.96320098831632
未檢出:4089382, 檢出(惡意)152591, 檢出(未知)271831, SSE檢出161209, 總防禦率:0.09576739711251923
