Test on:M2 Seed:0 Filter:BENIGN
BENIGN 537 493 44 8.193668528864059
DoS slowloris 3 0 3 100.0
未檢出:493, 檢出(惡意)3, 檢出(未知)47, SSE檢出222, 總防禦率:0.3530183727034121
Test on:M2 Seed:42 Filter:BENIGN
BENIGN 635 304 331 52.125984251968504
未檢出:304, 檢出(惡意)0, 檢出(未知)331, SSE檢出127, 總防禦率:0.6010498687664042
Test on:M2 Seed:123 Filter:BENIGN
BENIGN 552 293 259 46.92028985507246
未檢出:293, 檢出(惡意)0, 檢出(未知)259, SSE檢出210, 總防禦率:0.615485564304462
Test on:M2 Seed:222 Filter:BENIGN
BENIGN 603 444 159 26.3681592039801
DoS GoldenEye 3 1 2 66.66666666666667
DoS Hulk 1 0 1 100.0
未檢出:444, 檢出(惡意)4, 檢出(未知)162, SSE檢出155, 總防禦率:0.41732283464566927
Test on:M2 Seed:419 Filter:BENIGN
BENIGN 592 518 74 12.5
未檢出:518, 檢出(惡意)0, 檢出(未知)74, SSE檢出170, 總防禦率:0.32020997375328086
Test on:M2 Seed:844 Filter:BENIGN
BENIGN 613 462 151 24.63295269168026
DoS Hulk 2 0 2 100.0
未檢出:462, 檢出(惡意)2, 檢出(未知)153, SSE檢出147, 總防禦率:0.3937007874015748
Test on:M2 Seed:918 Filter:BENIGN
BENIGN 579 463 116 20.03454231433506
DoS Hulk 5 0 5 100.0
未檢出:463, 檢出(惡意)5, 檢出(未知)121, SSE檢出178, 總防禦率:0.39238845144356954
Test on:M2 Seed:1344 Filter:BENIGN
BENIGN 600 250 350 58.333333333333336
DoS Hulk 1 0 1 100.0
未檢出:250, 檢出(惡意)1, 檢出(未知)351, SSE檢出161, 總防禦率:0.6719160104986877
Test on:M2 Seed:65536 Filter:BENIGN
BENIGN 537 339 198 36.87150837988827
DoS Hulk 1 0 1 100.0
未檢出:339, 檢出(惡意)1, 檢出(未知)199, SSE檢出224, 總防禦率:0.5551181102362205
Test on:M2 Seed:815149 Filter:BENIGN
BENIGN 588 284 304 51.70068027210884
DoS Slowhttptest 2 0 2 100.0
DoS slowloris 1 0 1 100.0
未檢出:284, 檢出(惡意)3, 檢出(未知)307, SSE檢出171, 總防禦率:0.6272965879265092
Test on:M2 Seed:0 Filter:DrDoS_SSDP
BENIGN 146086 468 145618 99.6796407595526
DoS Slowhttptest 1545 0 1545 100.0
未檢出:468, 檢出(惡意)1545, 檢出(未知)147163, SSE檢出2462979, 總防禦率:0.9998207315531619
Test on:M2 Seed:42 Filter:DrDoS_SSDP
BENIGN 1315360 17184 1298176 98.69358958764141
DoS Slowhttptest 2 0 2 100.0
未檢出:17184, 檢出(惡意)2, 檢出(未知)1298178, SSE檢出1295248, 總防禦率:0.9934176303622525
Test on:M2 Seed:123 Filter:DrDoS_SSDP
BENIGN 651923 263410 388513 59.59492148612643
DoS GoldenEye 1 0 1 100.0
DoS Hulk 6 0 6 100.0
DoS Slowhttptest 13 0 13 100.0
DoS slowloris 3 0 3 100.0
未檢出:263410, 檢出(惡意)23, 檢出(未知)388536, SSE檢出1958664, 總防禦率:0.899100210295678
Test on:M2 Seed:222 Filter:DrDoS_SSDP
BENIGN 154006 152624 1382 0.8973676350272067
DoS GoldenEye 1 0 1 100.0
DoS Hulk 5 0 5 100.0
DoS slowloris 1 0 1 100.0
未檢出:152624, 檢出(惡意)7, 檢出(未知)1389, SSE檢出2456597, 總防禦率:0.9415370354055183
Test on:M2 Seed:419 Filter:DrDoS_SSDP
BENIGN 57273 43107 14166 24.734167932533655
DoS GoldenEye 4 1 3 75.0
DoS Hulk 53 0 53 100.0
DoS slowloris 2 0 2 100.0
未檢出:43107, 檢出(惡意)59, 檢出(未知)14224, SSE檢出2553278, 總防禦率:0.9834877672268167
Test on:M2 Seed:844 Filter:DrDoS_SSDP
BENIGN 408016 32867 375149 91.94467864005333
DoS GoldenEye 4 0 4 100.0
未檢出:32867, 檢出(惡意)4, 檢出(未知)375153, SSE檢出2202590, 總防禦率:0.9874102221319921
Test on:M2 Seed:918 Filter:DrDoS_SSDP
BENIGN 1240819 63267 1177552 94.90119026223809
DoS GoldenEye 2 0 2 100.0
DoS Hulk 4 0 4 100.0
DoS Slowhttptest 139185 138309 876 0.6293781657506197
未檢出:63267, 檢出(惡意)139191, 檢出(未知)1178434, SSE檢出1230600, 總防禦率:0.9757654341322526
Test on:M2 Seed:1344 Filter:DrDoS_SSDP
BENIGN 1580656 165 1580491 99.98956129606948
DoS GoldenEye 6 4 2 33.333333333333336
DoS slowloris 8480 0 8480 100.0
未檢出:165, 檢出(惡意)8486, 檢出(未知)1588973, SSE檢出1021468, 總防禦率:0.9999367963809225
Test on:M2 Seed:65536 Filter:DrDoS_SSDP
BENIGN 1147110 1719 1145391 99.85014514737034
DoS Hulk 28 0 28 100.0
DoS Slowhttptest 81075 47880 33195 40.943570767807586
Heartbleed 4 0 4 100.0
未檢出:1719, 檢出(惡意)81107, 檢出(未知)1178618, SSE檢出1382393, 總防禦率:0.9993415332048832
Test on:M2 Seed:815149 Filter:DrDoS_SSDP
BENIGN 96843 79 96764 99.91842466672863
DoS GoldenEye 3 0 3 100.0
DoS Hulk 10 0 10 100.0
未檢出:79, 檢出(惡意)13, 檢出(未知)96777, SSE檢出2513754, 總防禦率:0.9999697388732901
Test on:M1 Seed:0 Filter:BENIGN
BENIGN 708 685 23 3.248587570621469
DoS Hulk 29 27 2 6.896551724137931
DoS Slowhttptest 3 3 0 0.0
未檢出:685, 檢出(惡意)32, 檢出(未知)25, SSE檢出22, 總防禦率:0.1010498687664042
Test on:M1 Seed:42 Filter:BENIGN
BENIGN 703 681 22 3.1294452347083928
DoS Hulk 1 1 0 0.0
未檢出:681, 檢出(惡意)1, 檢出(未知)22, SSE檢出58, 總防禦率:0.1062992125984252
Test on:M1 Seed:123 Filter:BENIGN
BENIGN 659 640 19 2.8831562974203337
DoS Hulk 31 30 1 3.225806451612903
未檢出:640, 檢出(惡意)31, 檢出(未知)20, SSE檢出72, 總防禦率:0.16010498687664043
Test on:M1 Seed:222 Filter:BENIGN
BENIGN 708 695 13 1.8361581920903955
DoS Hulk 28 28 0 0.0
DoS Slowhttptest 1 0 1 100.0
DoS slowloris 1 0 1 100.0
未檢出:695, 檢出(惡意)30, 檢出(未知)15, SSE檢出24, 總防禦率:0.08792650918635171
Test on:M1 Seed:419 Filter:BENIGN
BENIGN 666 664 2 0.3003003003003003
DoS Hulk 31 31 0 0.0
未檢出:664, 檢出(惡意)31, 檢出(未知)2, SSE檢出65, 總防禦率:0.12860892388451445
Test on:M1 Seed:844 Filter:BENIGN
BENIGN 698 657 41 5.873925501432665
DoS Hulk 31 31 0 0.0
未檢出:657, 檢出(惡意)31, 檢出(未知)41, SSE檢出33, 總防禦率:0.1377952755905512
Test on:M1 Seed:918 Filter:BENIGN
BENIGN 676 660 16 2.366863905325444
DoS Hulk 31 28 3 9.67741935483871
DoS Slowhttptest 2 2 0 0.0
未檢出:660, 檢出(惡意)33, 檢出(未知)19, SSE檢出53, 總防禦率:0.13385826771653545
Test on:M1 Seed:1344 Filter:BENIGN
BENIGN 697 676 21 3.012912482065997
DoS Hulk 28 15 13 46.42857142857143
未檢出:676, 檢出(惡意)28, 檢出(未知)34, SSE檢出37, 總防禦率:0.11286089238845144
Test on:M1 Seed:65536 Filter:BENIGN
BENIGN 687 626 61 8.879184861717613
DoS Hulk 31 13 18 58.064516129032256
未檢出:626, 檢出(惡意)31, 檢出(未知)79, SSE檢出44, 總防禦率:0.1784776902887139
Test on:M1 Seed:815149 Filter:BENIGN
BENIGN 696 677 19 2.7298850574712645
DoS Hulk 27 19 8 29.62962962962963
未檢出:677, 檢出(惡意)27, 檢出(未知)27, SSE檢出39, 總防禦率:0.1115485564304462
Test on:M1 Seed:0 Filter:DrDoS_SSDP
BENIGN 1250648 1099 1249549 99.91212555411275
DoS Hulk 18 9 9 50.0
DoS Slowhttptest 46160 29566 16594 35.94887348353553
未檢出:1099, 檢出(惡意)46178, 檢出(未知)1266152, SSE檢出1313784, 總防禦率:0.99957902559172
Test on:M1 Seed:42 Filter:DrDoS_SSDP
BENIGN 2218770 1071600 1147170 51.70297056477237
DoS Hulk 19 18 1 5.2631578947368425
DoS Slowhttptest 1 0 1 100.0
未檢出:1071600, 檢出(惡意)20, 檢出(未知)1147172, SSE檢出391820, 總防禦率:0.5895212230091817
Test on:M1 Seed:123 Filter:DrDoS_SSDP
BENIGN 1990170 1251708 738462 37.1054734017697
DoS GoldenEye 2 0 2 100.0
DoS Hulk 20 18 2 10.0
DoS Slowhttptest 188841 137092 51749 27.403476999168614
DoS slowloris 382592 0 382592 100.0
預測為 Heartbleed 類 共：3153
未檢出:1251708, 檢出(惡意)571455, 檢出(未知)1172807, SSE檢出45852, 總防禦率:0.5205304507375671
Test on:M1 Seed:222 Filter:DrDoS_SSDP
BENIGN 757347 616831 140516 18.55371447962427
DoS Hulk 23 9 14 60.869565217391305
未檢出:616831, 檢出(惡意)23, 檢出(未知)140530, SSE檢出1853240, 總防禦率:0.7637215057017326
Test on:M1 Seed:419 Filter:DrDoS_SSDP
BENIGN 674085 390659 283426 42.046032770347956
DoS Hulk 19 18 1 5.2631578947368425
DoS Slowhttptest 999086 136749 862337 86.31258970699218
未檢出:390659, 檢出(惡意)999105, 檢出(未知)1145764, SSE檢出937420, 總防禦率:0.8503571962108473
Test on:M1 Seed:844 Filter:DrDoS_SSDP
BENIGN 2474545 419802 2054743 83.0351842459927
DoS Hulk 19 19 0 0.0
DoS Slowhttptest 4 0 4 100.0
未檢出:419802, 檢出(惡意)23, 檢出(未知)2054747, SSE檢出136042, 總防禦率:0.8391939048728075
Test on:M1 Seed:918 Filter:DrDoS_SSDP
BENIGN 1371690 1337664 34026 2.4805896376003322
DoS Hulk 20 18 2 10.0
DoS Slowhttptest 1 1 0 0.0
未檢出:1337664, 檢出(惡意)21, 檢出(未知)34028, SSE檢出1238899, 總防禦率:0.4876048126683036
Test on:M1 Seed:1344 Filter:DrDoS_SSDP
BENIGN 1620125 493877 1126248 69.51611758351979
DoS GoldenEye 1149 0 1149 100.0
DoS Hulk 18 12 6 33.333333333333336
DoS slowloris 15538 0 15538 100.0
未檢出:493877, 檢出(惡意)16705, 檢出(未知)1142941, SSE檢出973780, 總防禦率:0.8108193104293633
Test on:M1 Seed:65536 Filter:DrDoS_SSDP
BENIGN 1320510 1003570 316940 24.001332818380778
DoS Hulk 33 5 28 84.84848484848484
DoS Slowhttptest 1271685 776835 494850 38.91293834558086
未檢出:1003570, 檢出(惡意)1271718, 檢出(未知)811818, SSE檢出18382, 總防禦率:0.6155802666809673
Test on:M1 Seed:815149 Filter:DrDoS_SSDP
BENIGN 1779446 1733732 45714 2.5690018129237977
DoS Hulk 47 9 38 80.85106382978724
DoS Slowhttptest 111 0 111 100.0
DoS slowloris 48439 1 48438 99.99793554780238
未檢出:1733732, 檢出(惡意)48597, 檢出(未知)94301, SSE檢出782567, 總防禦率:0.3358900793301183
