Test on:M2 Seed:0 Filter:BENIGN
BENIGN 975 877 98 10.051282051282051
DoS slowloris 6 2 4 66.66666666666667
未檢出:877, 檢出(惡意)6, 檢出(未知)102, SSE檢出521, 總防禦率:0.41611185086551267
Test on:M2 Seed:42 Filter:BENIGN
BENIGN 1094 407 687 62.797074954296164
DoS GoldenEye 2 0 2 100.0
DoS Slowhttptest 1 1 0 0.0
未檢出:407, 檢出(惡意)3, 檢出(未知)689, SSE檢出405, 總防禦率:0.7290279627163782
Test on:M2 Seed:123 Filter:BENIGN
BENIGN 1022 396 626 61.25244618395303
DoS GoldenEye 2 0 2 100.0
DoS Slowhttptest 1 0 1 100.0
DoS slowloris 1 0 1 100.0
未檢出:396, 檢出(惡意)4, 檢出(未知)630, SSE檢出476, 總防禦率:0.7363515312916112
Test on:M2 Seed:222 Filter:BENIGN
BENIGN 1113 795 318 28.571428571428573
DoS GoldenEye 3 3 0 0.0
DoS slowloris 1 0 1 100.0
未檢出:795, 檢出(惡意)4, 檢出(未知)319, SSE檢出385, 總防禦率:0.47070572569906793
Test on:M2 Seed:419 Filter:BENIGN
BENIGN 1076 944 132 12.267657992565056
DoS Hulk 7 0 7 100.0
DoS Slowhttptest 2 0 2 100.0
未檢出:944, 檢出(惡意)9, 檢出(未知)141, SSE檢出417, 總防禦率:0.3715046604527297
Test on:M2 Seed:844 Filter:BENIGN
BENIGN 1108 632 476 42.96028880866426
DoS GoldenEye 1 1 0 0.0
DoS Hulk 2 0 2 100.0
未檢出:632, 檢出(惡意)3, 檢出(未知)478, SSE檢出391, 總防禦率:0.5792276964047937
Test on:M2 Seed:918 Filter:BENIGN
BENIGN 1033 888 145 14.036786060019361
DoS GoldenEye 2 0 2 100.0
DoS Hulk 3 0 3 100.0
未檢出:888, 檢出(惡意)5, 檢出(未知)150, SSE檢出464, 總防禦率:0.40878828229027964
Test on:M2 Seed:1344 Filter:BENIGN
BENIGN 962 306 656 68.1912681912682
DoS GoldenEye 1 0 1 100.0
DoS Slowhttptest 2 0 2 100.0
DoS slowloris 1 0 1 100.0
未檢出:306, 檢出(惡意)4, 檢出(未知)660, SSE檢出536, 總防禦率:0.796271637816245
Test on:M2 Seed:65536 Filter:BENIGN
BENIGN 895 440 455 50.83798882681564
DoS GoldenEye 2 0 2 100.0
未檢出:440, 檢出(惡意)2, 檢出(未知)457, SSE檢出605, 總防禦率:0.7070572569906791
Test on:M2 Seed:815149 Filter:BENIGN
BENIGN 1047 391 656 62.65520534861509
DoS Slowhttptest 2 1 1 50.0
DoS slowloris 5 0 5 100.0
未檢出:391, 檢出(惡意)7, 檢出(未知)662, SSE檢出448, 總防禦率:0.7396804260985352
Test on:M2 Seed:0 Filter:DrDoS_SNMP
BENIGN 52962 871 52091 98.35542464408444
DoS Slowhttptest 75262 0 75262 100.0
DoS slowloris 1 1 0 0.0
未檢出:871, 檢出(惡意)75263, 檢出(未知)127353, SSE檢出5031638, 總防禦率:0.9998311970686043
Test on:M2 Seed:42 Filter:DrDoS_SNMP
BENIGN 73133 1431 71702 98.04329099038738
未檢出:1431, 檢出(惡意)0, 檢出(未知)71702, SSE檢出5086730, 總防禦率:0.9997226670553074
Test on:M2 Seed:123 Filter:DrDoS_SNMP
BENIGN 354902 152066 202836 57.15267876765981
DoS Hulk 7 0 7 100.0
DoS Slowhttptest 58 0 58 100.0
DoS slowloris 16 0 16 100.0
未檢出:152066, 檢出(惡意)81, 檢出(未知)202917, SSE檢出4804880, 總防禦率:0.9705290624964268
Test on:M2 Seed:222 Filter:DrDoS_SNMP
BENIGN 6048 5286 762 12.59920634920635
DoS GoldenEye 1 0 1 100.0
DoS Hulk 7 0 7 100.0
未檢出:5286, 檢出(惡意)8, 檢出(未知)770, SSE檢出5153807, 總防禦率:0.9989755541959157
Test on:M2 Seed:419 Filter:DrDoS_SNMP
BENIGN 1284 1172 112 8.722741433021806
DoS GoldenEye 4 2 2 50.0
DoS Hulk 99 0 99 100.0
DoS slowloris 1 0 1 100.0
未檢出:1172, 檢出(惡意)104, 檢出(未知)214, SSE檢出5158475, 總防禦率:0.9997728621864572
Test on:M2 Seed:844 Filter:DrDoS_SNMP
BENIGN 3774560 254887 3519673 93.24723941333559
DoS GoldenEye 3 0 3 100.0
未檢出:254887, 檢出(惡意)3, 檢出(未知)3519676, SSE檢出1385300, 總防禦率:0.9506019830371465
Test on:M2 Seed:918 Filter:DrDoS_SNMP
BENIGN 103555 100125 3430 3.3122495292356717
DoS GoldenEye 4 0 4 100.0
DoS Hulk 2 0 2 100.0
DoS Slowhttptest 116614 101345 15269 13.09362512219802
DoS slowloris 1 0 1 100.0
未檢出:100125, 檢出(惡意)116621, 檢出(未知)18706, SSE檢出4939687, 總防禦率:0.9805954150333062
Test on:M2 Seed:1344 Filter:DrDoS_SNMP
BENIGN 1830637 625 1830012 99.96585887863077
DoS GoldenEye 7 4 3 42.857142857142854
DoS Slowhttptest 1 0 1 100.0
DoS slowloris 245273 0 245273 100.0
Heartbleed 1 0 1 100.0
未檢出:625, 檢出(惡意)245282, 檢出(未知)2075290, SSE檢出3083944, 總防禦率:0.9998788727530169
Test on:M2 Seed:65536 Filter:DrDoS_SNMP
BENIGN 4879639 1624 4878015 99.96671884948866
DoS Hulk 9 0 9 100.0
DoS Slowhttptest 16541 4435 12106 73.18783628559338
Heartbleed 3 0 3 100.0
未檢出:1624, 檢出(惡意)16553, 檢出(未知)4890133, SSE檢出263671, 總防禦率:0.9996852629614391
Test on:M2 Seed:815149 Filter:DrDoS_SNMP
BENIGN 2299 365 1934 84.12353197042192
DoS GoldenEye 3 0 3 100.0
DoS Hulk 21 0 21 100.0
未檢出:365, 檢出(惡意)24, 檢出(未知)1958, SSE檢出5157540, 總防禦率:0.9999292616877619
Test on:M1 Seed:0 Filter:BENIGN
BENIGN 1386 1323 63 4.545454545454546
DoS Hulk 86 75 11 12.790697674418604
DoS Slowhttptest 4 4 0 0.0
未檢出:1323, 檢出(惡意)90, 檢出(未知)74, SSE檢出26, 總防禦率:0.11917443408788282
Test on:M1 Seed:42 Filter:BENIGN
BENIGN 1462 1400 62 4.240766073871409
DoS Hulk 2 2 0 0.0
DoS Slowhttptest 1 0 1 100.0
未檢出:1400, 檢出(惡意)3, 檢出(未知)63, SSE檢出37, 總防禦率:0.06790945406125166
Test on:M1 Seed:123 Filter:BENIGN
BENIGN 1362 1203 159 11.674008810572687
DoS Hulk 95 94 1 1.0526315789473684
DoS Slowhttptest 6 5 1 16.666666666666668
未檢出:1203, 檢出(惡意)101, 檢出(未知)161, SSE檢出39, 總防禦率:0.19906790945406125
Test on:M1 Seed:222 Filter:BENIGN
BENIGN 1388 1352 36 2.5936599423631126
DoS Hulk 83 76 7 8.433734939759036
DoS Slowhttptest 5 5 0 0.0
DoS slowloris 1 0 1 100.0
未檢出:1352, 檢出(惡意)89, 檢出(未知)44, SSE檢出25, 總防禦率:0.09986684420772303
Test on:M1 Seed:419 Filter:BENIGN
BENIGN 1353 1339 14 1.0347376201034737
DoS Hulk 97 93 4 4.123711340206185
DoS Slowhttptest 7 6 1 14.285714285714286
未檢出:1339, 檢出(惡意)104, 檢出(未知)19, SSE檢出45, 總防禦率:0.1085219707057257
Test on:M1 Seed:844 Filter:BENIGN
BENIGN 1361 1327 34 2.4981631153563555
DoS Hulk 97 94 3 3.0927835051546393
DoS Slowhttptest 6 6 0 0.0
未檢出:1327, 檢出(惡意)103, 檢出(未知)37, SSE檢出38, 總防禦率:0.11651131824234354
Test on:M1 Seed:918 Filter:BENIGN
BENIGN 1345 1309 36 2.676579925650558
DoS Hulk 95 90 5 5.2631578947368425
DoS Slowhttptest 7 7 0 0.0
未檢出:1309, 檢出(惡意)102, 檢出(未知)41, SSE檢出55, 總防禦率:0.1284953395472703
Test on:M1 Seed:1344 Filter:BENIGN
BENIGN 1370 1320 50 3.6496350364963503
DoS Hulk 75 28 47 62.666666666666664
DoS Slowhttptest 5 0 5 100.0
未檢出:1320, 檢出(惡意)80, 檢出(未知)102, SSE檢出52, 總防禦率:0.12117177097203728
Test on:M1 Seed:65536 Filter:BENIGN
BENIGN 1362 1124 238 17.474302496328928
DoS Hulk 98 39 59 60.204081632653065
DoS Slowhttptest 2 1 1 50.0
未檢出:1124, 檢出(惡意)100, 檢出(未知)298, SSE檢出40, 總防禦率:0.25166444740346205
Test on:M1 Seed:815149 Filter:BENIGN
BENIGN 1393 1339 54 3.8765254845656854
DoS Hulk 73 61 12 16.438356164383563
未檢出:1339, 檢出(惡意)73, 檢出(未知)66, SSE檢出36, 總防禦率:0.1085219707057257
Test on:M1 Seed:0 Filter:DrDoS_SNMP
BENIGN 235139 168751 66388 28.23351294340794
DoS GoldenEye 1 1 0 0.0
DoS Hulk 95 40 55 57.89473684210526
DoS Slowhttptest 2107474 2106536 938 0.04450825965112737
未檢出:168751, 檢出(惡意)2107570, 檢出(未知)67381, SSE檢出2817154, 總防禦率:0.9672954495109657
Test on:M1 Seed:42 Filter:DrDoS_SNMP
BENIGN 4510960 81986 4428974 98.18251547342473
DoS GoldenEye 1 0 1 100.0
DoS Hulk 95 95 0 0.0
未檢出:81986, 檢出(惡意)96, 檢出(未知)4428975, SSE檢出648807, 總防禦率:0.9841108184461487
Test on:M1 Seed:123 Filter:DrDoS_SNMP
BENIGN 204923 8574 196349 95.81598942041644
DoS GoldenEye 58 0 58 100.0
DoS Hulk 95 92 3 3.1578947368421053
DoS Slowhttptest 114800 47573 67227 58.56010452961672
DoS slowloris 29014 0 29014 100.0
預測為 Heartbleed 類 共：6
未檢出:8574, 檢出(惡意)143967, 檢出(未知)292651, SSE檢出4810967, 總防禦率:0.9983383279749869
Test on:M1 Seed:222 Filter:DrDoS_SNMP
BENIGN 223343 105855 117488 52.60429026206329
DoS GoldenEye 1 1 0 0.0
DoS Hulk 93 75 18 19.35483870967742
DoS Slowhttptest 4 0 4 100.0
未檢出:105855, 檢出(惡意)98, 檢出(未知)117510, SSE檢出4936422, 總防禦率:0.979484920432965
Test on:M1 Seed:419 Filter:DrDoS_SNMP
BENIGN 99804 68382 31422 31.483708067812913
DoS GoldenEye 1 0 1 100.0
DoS Hulk 94 91 3 3.1914893617021276
DoS Slowhttptest 230981 186630 44351 19.201146414640164
未檢出:68382, 檢出(惡意)231076, 檢出(未知)75777, SSE檢出4828983, 總防禦率:0.9867473225548817
Test on:M1 Seed:844 Filter:DrDoS_SNMP
BENIGN 4817092 3547 4813545 99.926366363773
DoS GoldenEye 1 1 0 0.0
DoS Hulk 99 98 1 1.0101010101010102
DoS Slowhttptest 18 0 18 100.0
未檢出:3547, 檢出(惡意)118, 檢出(未知)4813564, SSE檢出342653, 總防禦率:0.9993125786479214
Test on:M1 Seed:918 Filter:DrDoS_SNMP
BENIGN 4652097 1262552 3389545 72.86058308758395
DoS Hulk 95 92 3 3.1578947368421053
DoS Slowhttptest 14 14 0 0.0
DoS slowloris 1 0 1 100.0
未檢出:1262552, 檢出(惡意)110, 檢出(未知)3389549, SSE檢出507656, 總防禦率:0.755312883307173
Test on:M1 Seed:1344 Filter:DrDoS_SNMP
BENIGN 2350093 2568 2347525 99.89072772864733
DoS GoldenEye 295868 1 295867 99.99966201143754
DoS Hulk 98 83 15 15.306122448979592
DoS slowloris 2278363 0 2278363 100.0
未檢出:2568, 檢出(惡意)2574329, 檢出(未知)4921770, SSE檢出235441, 總防禦率:0.9995023123675958
Test on:M1 Seed:65536 Filter:DrDoS_SNMP
BENIGN 4948806 1044276 3904530 78.89842519589574
DoS Hulk 107 56 51 47.66355140186916
DoS Slowhttptest 207198 178001 29197 14.091352233129664
未檢出:1044276, 檢出(惡意)207305, 檢出(未知)3933778, SSE檢出3752, 總防禦率:0.7976155568471488
Test on:M1 Seed:815149 Filter:DrDoS_SNMP
BENIGN 4976112 3191966 1784146 35.854217107653525
DoS GoldenEye 1 1 0 0.0
DoS Hulk 96 56 40 41.666666666666664
DoS Slowhttptest 6203 0 6203 100.0
DoS slowloris 72841 518 72323 99.28886204198186
未檢出:3191966, 檢出(惡意)79141, 檢出(未知)1862712, SSE檢出104610, 總防禦率:0.3813855135301073
