Test on:M2 Seed:0 Filter:BENIGN
BENIGN 1045 986 59 5.645933014354067
DoS slowloris 25 23 2 8.0
未檢出:986, 檢出(惡意)25, 檢出(未知)61, SSE檢出532, 總防禦率:0.38451935081148564
Test on:M2 Seed:42 Filter:BENIGN
BENIGN 1148 389 759 66.11498257839722
DoS GoldenEye 2 0 2 100.0
DoS Slowhttptest 21 0 21 100.0
未檢出:389, 檢出(惡意)23, 檢出(未知)782, SSE檢出431, 總防禦率:0.7571785268414482
Test on:M2 Seed:123 Filter:BENIGN
BENIGN 1087 412 675 62.09751609935603
DoS Slowhttptest 1 0 1 100.0
未檢出:412, 檢出(惡意)1, 檢出(未知)676, SSE檢出514, 總防禦率:0.7428214731585518
Test on:M2 Seed:222 Filter:BENIGN
BENIGN 1144 882 262 22.902097902097903
DoS Hulk 3 0 3 100.0
未檢出:882, 檢出(惡意)3, 檢出(未知)265, SSE檢出455, 總防禦率:0.449438202247191
Test on:M2 Seed:419 Filter:BENIGN
BENIGN 1161 1005 156 13.436692506459949
DoS Hulk 4 0 4 100.0
未檢出:1005, 檢出(惡意)4, 檢出(未知)160, SSE檢出437, 總防禦率:0.37265917602996257
Test on:M2 Seed:844 Filter:BENIGN
BENIGN 1131 633 498 44.03183023872679
DoS Hulk 2 0 2 100.0
未檢出:633, 檢出(惡意)2, 檢出(未知)500, SSE檢出469, 總防禦率:0.6048689138576779
Test on:M2 Seed:918 Filter:BENIGN
BENIGN 1133 985 148 13.062665489849955
DoS Hulk 4 0 4 100.0
未檢出:985, 檢出(惡意)4, 檢出(未知)152, SSE檢出465, 總防禦率:0.38514357053682896
Test on:M2 Seed:1344 Filter:BENIGN
BENIGN 1069 317 752 70.34611786716557
DoS Hulk 1 0 1 100.0
未檢出:317, 檢出(惡意)1, 檢出(未知)753, SSE檢出532, 總防禦率:0.8021223470661673
Test on:M2 Seed:65536 Filter:BENIGN
BENIGN 907 492 415 45.75523704520397
DoS GoldenEye 2 0 2 100.0
未檢出:492, 檢出(惡意)2, 檢出(未知)417, SSE檢出693, 總防禦率:0.6928838951310862
Test on:M2 Seed:815149 Filter:BENIGN
BENIGN 1113 427 686 61.63522012578616
DoS slowloris 25 0 25 100.0
未檢出:427, 檢出(惡意)25, 檢出(未知)711, SSE檢出464, 總防禦率:0.733458177278402
Test on:M2 Seed:0 Filter:DrDoS_LDAP
BENIGN 5736 82 5654 98.57043235704323
DoS Slowhttptest 88970 0 88970 100.0
未檢出:82, 檢出(惡意)88970, 檢出(未知)94624, SSE檢出2085222, 總防禦率:0.9999623840787402
Test on:M2 Seed:42 Filter:DrDoS_LDAP
BENIGN 2506 78 2428 96.88747007182761
未檢出:78, 檢出(惡意)0, 檢出(未知)2428, SSE檢出2177422, 總防禦率:0.9999642190017285
Test on:M2 Seed:123 Filter:DrDoS_LDAP
BENIGN 141847 120658 21189 14.937926075278293
DoS Slowhttptest 28 0 28 100.0
DoS slowloris 21 0 21 100.0
未檢出:120658, 檢出(惡意)49, 檢出(未知)21238, SSE檢出2038032, 總防禦率:0.9446504655199621
Test on:M2 Seed:222 Filter:DrDoS_LDAP
BENIGN 952 746 206 21.638655462184875
未檢出:746, 檢出(惡意)0, 檢出(未知)206, SSE檢出2178976, 總防禦率:0.9996577868626854
Test on:M2 Seed:419 Filter:DrDoS_LDAP
BENIGN 196 180 16 8.16326530612245
DoS Hulk 22 0 22 100.0
未檢出:180, 檢出(惡意)22, 檢出(未知)38, SSE檢出2179710, 總防禦率:0.9999174284655273
Test on:M2 Seed:844 Filter:DrDoS_LDAP
BENIGN 568482 6426 562056 98.8696212017267
未檢出:6426, 檢出(惡意)0, 檢出(未知)562056, SSE檢出1611446, 總防禦率:0.9970521962193247
Test on:M2 Seed:918 Filter:DrDoS_LDAP
BENIGN 26530 19618 6912 26.05352431209951
DoS Slowhttptest 168188 134618 33570 19.95980688277404
未檢出:19618, 檢出(惡意)168188, 檢出(未知)40482, SSE檢出1985210, 總防禦率:0.9910006202039701
Test on:M2 Seed:1344 Filter:DrDoS_LDAP
BENIGN 279496 20 279476 99.9928442625297
DoS slowloris 14193 0 14193 100.0
未檢出:20, 檢出(惡意)14193, 檢出(未知)293669, SSE檢出1886239, 總防禦率:0.9999908253850586
Test on:M2 Seed:65536 Filter:DrDoS_LDAP
BENIGN 1737345 78 1737267 99.99551039085502
DoS Hulk 9 0 9 100.0
DoS Slowhttptest 1322 1273 49 3.706505295007564
未檢出:78, 檢出(惡意)1331, 檢出(未知)1737325, SSE檢出441252, 總防禦率:0.9999642190017285
Test on:M2 Seed:815149 Filter:DrDoS_LDAP
BENIGN 1802 88 1714 95.1165371809101
DoS Hulk 3 0 3 100.0
未檢出:88, 檢出(惡意)3, 檢出(未知)1717, SSE檢出2178123, 總防禦率:0.9999596316942578
Test on:M1 Seed:0 Filter:BENIGN
BENIGN 1511 1455 56 3.7061548643282594
DoS Hulk 73 68 5 6.8493150684931505
DoS Slowhttptest 1 1 0 0.0
未檢出:1455, 檢出(惡意)74, 檢出(未知)61, SSE檢出17, 總防禦率:0.09176029962546817
Test on:M1 Seed:42 Filter:BENIGN
BENIGN 1585 1480 105 6.624605678233438
DoS Hulk 2 2 0 0.0
未檢出:1480, 檢出(惡意)2, 檢出(未知)105, SSE檢出15, 總防禦率:0.07615480649188515
Test on:M1 Seed:123 Filter:BENIGN
BENIGN 1500 1337 163 10.866666666666667
DoS Hulk 80 77 3 3.75
DoS Slowhttptest 4 4 0 0.0
DoS slowloris 2 0 2 100.0
未檢出:1337, 檢出(惡意)86, 檢出(未知)168, SSE檢出16, 總防禦率:0.16541822721598
Test on:M1 Seed:222 Filter:BENIGN
BENIGN 1495 1472 23 1.5384615384615385
DoS Hulk 71 70 1 1.408450704225352
DoS Slowhttptest 5 5 0 0.0
未檢出:1472, 檢出(惡意)76, 檢出(未知)24, SSE檢出31, 總防禦率:0.08114856429463171
Test on:M1 Seed:419 Filter:BENIGN
BENIGN 1500 1468 32 2.1333333333333333
DoS Hulk 81 79 2 2.4691358024691357
DoS Slowhttptest 7 6 1 14.285714285714286
未檢出:1468, 檢出(惡意)88, 檢出(未知)35, SSE檢出14, 總防禦率:0.08364544319600499
Test on:M1 Seed:844 Filter:BENIGN
BENIGN 1487 1432 55 3.6987222595830533
DoS Hulk 81 78 3 3.7037037037037037
DoS Slowhttptest 4 4 0 0.0
未檢出:1432, 檢出(惡意)85, 檢出(未知)58, SSE檢出30, 總防禦率:0.10611735330836454
Test on:M1 Seed:918 Filter:BENIGN
BENIGN 1468 1415 53 3.6103542234332426
DoS Hulk 80 74 6 7.5
DoS Slowhttptest 7 7 0 0.0
未檢出:1415, 檢出(惡意)87, 檢出(未知)59, SSE檢出47, 總防禦率:0.11672908863920099
Test on:M1 Seed:1344 Filter:BENIGN
BENIGN 1497 1445 52 3.473613894455578
DoS GoldenEye 1 0 1 100.0
DoS Hulk 67 36 31 46.26865671641791
DoS Slowhttptest 5 0 5 100.0
未檢出:1445, 檢出(惡意)73, 檢出(未知)89, SSE檢出32, 總防禦率:0.09800249687890138
Test on:M1 Seed:65536 Filter:BENIGN
BENIGN 1497 1348 149 9.953239812959252
DoS Hulk 81 29 52 64.19753086419753
DoS Slowhttptest 4 4 0 0.0
未檢出:1348, 檢出(惡意)85, 檢出(未知)201, SSE檢出20, 總防禦率:0.1585518102372035
Test on:M1 Seed:815149 Filter:BENIGN
BENIGN 1488 1434 54 3.629032258064516
DoS Hulk 65 58 7 10.76923076923077
未檢出:1434, 檢出(惡意)65, 檢出(未知)61, SSE檢出49, 總防禦率:0.10486891385767791
Test on:M1 Seed:0 Filter:DrDoS_LDAP
BENIGN 1148 251 897 78.13588850174216
DoS Hulk 33 14 19 57.57575757575758
DoS Slowhttptest 281614 281004 610 0.21660854929087334
未檢出:251, 檢出(惡意)281647, 檢出(未知)1526, SSE檢出1897133, 總防禦率:0.9998848585824853
Test on:M1 Seed:42 Filter:DrDoS_LDAP
BENIGN 1820590 119309 1701281 93.44668486589512
DoS Hulk 33 33 0 0.0
未檢出:119309, 檢出(惡意)33, 檢出(未知)1701281, SSE檢出359305, 總防禦率:0.9452692932977603
Test on:M1 Seed:123 Filter:DrDoS_LDAP
BENIGN 46504 22615 23889 51.36977464304146
DoS GoldenEye 1312 0 1312 100.0
DoS Hulk 33 33 0 0.0
DoS Slowhttptest 156204 68070 88134 56.42237074594761
DoS slowloris 3313 0 3313 100.0
未檢出:22615, 檢出(惡意)160862, 檢出(未知)116648, SSE檢出1972562, 總防禦率:0.9896258041549996
Test on:M1 Seed:222 Filter:DrDoS_LDAP
BENIGN 178017 511 177506 99.71294876332036
DoS Hulk 33 21 12 36.36363636363637
未檢出:511, 檢出(惡意)33, 檢出(未知)177518, SSE檢出2001878, 總防禦率:0.9997655885882469
Test on:M1 Seed:419 Filter:DrDoS_LDAP
BENIGN 57659 11206 46453 80.56504622001769
DoS Hulk 33 32 1 3.0303030303030303
DoS Slowhttptest 59 0 59 100.0
未檢出:11206, 檢出(惡意)92, 檢出(未知)46513, SSE檢出2122177, 總防禦率:0.9948594632483274
Test on:M1 Seed:844 Filter:DrDoS_LDAP
BENIGN 1292134 410 1291724 99.96826954479954
DoS Hulk 33 33 0 0.0
未檢出:410, 檢出(惡意)33, 檢出(未知)1291724, SSE檢出887761, 總防禦率:0.999811920393701
Test on:M1 Seed:918 Filter:DrDoS_LDAP
BENIGN 1925778 1423104 502674 26.102385633234984
DoS Hulk 38 35 3 7.894736842105263
未檢出:1423104, 檢出(惡意)38, 檢出(未知)502677, SSE檢出254112, 總防禦率:0.3471784389209185
Test on:M1 Seed:1344 Filter:DrDoS_LDAP
BENIGN 856798 333 856465 99.96113436305873
DoS GoldenEye 215542 0 215542 100.0
DoS Hulk 34 27 7 20.58823529411765
DoS slowloris 872938 0 872938 100.0
未檢出:333, 檢出(惡意)1088514, 檢出(未知)1944952, SSE檢出234616, 總防禦率:0.9998472426612255
Test on:M1 Seed:65536 Filter:DrDoS_LDAP
BENIGN 2146863 1040334 1106529 51.541668005829905
DoS Hulk 36 15 21 58.333333333333336
DoS Slowhttptest 2352 2352 0 0.0
未檢出:1040334, 檢出(惡意)2388, 檢出(未知)1106550, SSE檢出30677, 總防禦率:0.5227668069771112
Test on:M1 Seed:815149 Filter:DrDoS_LDAP
BENIGN 1841825 1525010 316815 17.20114560286672
DoS Hulk 36 16 20 55.55555555555556
DoS Slowhttptest 23479 0 23479 100.0
DoS slowloris 72447 447 72000 99.382997225558
未檢出:1525010, 檢出(惡意)95962, 檢出(未知)412314, SSE檢出242141, 總防禦率:0.3004310234099475
