Test on:M2 Seed:0 Filter:BENIGN
BENIGN 9600 8411 1189 12.385416666666666
DoS Slowhttptest 10 9 1 10.0
DoS slowloris 14 2 12 85.71428571428571
未檢出:8411, 檢出(惡意)24, 檢出(未知)1202, SSE檢出4713, 總防禦率:0.4133361233172909
Test on:M2 Seed:42 Filter:BENIGN
BENIGN 11507 6238 5269 45.789519422959934
DoS GoldenEye 2 0 2 100.0
DoS Slowhttptest 42 14 28 66.66666666666667
未檢出:6238, 檢出(惡意)44, 檢出(未知)5299, SSE檢出2786, 總防禦率:0.5649020018134896
Test on:M2 Seed:123 Filter:BENIGN
BENIGN 10292 6696 3596 34.93975903614458
DoS GoldenEye 2 0 2 100.0
DoS Slowhttptest 2 0 2 100.0
DoS slowloris 1 0 1 100.0
未檢出:6696, 檢出(惡意)5, 檢出(未知)3601, SSE檢出4040, 總防禦率:0.5329566854990584
Test on:M2 Seed:222 Filter:BENIGN
BENIGN 11585 8776 2809 24.246870953819595
DoS GoldenEye 30 11 19 63.333333333333336
DoS Hulk 17 0 17 100.0
DoS Slowhttptest 11 7 4 36.36363636363637
未檢出:8776, 檢出(惡意)58, 檢出(未知)2849, SSE檢出2694, 總防禦率:0.3878775197042617
Test on:M2 Seed:419 Filter:BENIGN
BENIGN 11494 9381 2113 18.383504437097617
DoS Hulk 5 0 5 100.0
DoS Slowhttptest 13 5 8 61.53846153846154
DoS slowloris 3 1 2 66.66666666666667
未檢出:9381, 檢出(惡意)21, 檢出(未知)2128, SSE檢出2822, 總防禦率:0.345679012345679
Test on:M2 Seed:844 Filter:BENIGN
BENIGN 11232 8832 2400 21.367521367521366
DoS GoldenEye 1 0 1 100.0
DoS Hulk 9 0 9 100.0
未檢出:8832, 檢出(惡意)10, 檢出(未知)2410, SSE檢出3095, 總防禦率:0.38397154216363255
Test on:M2 Seed:918 Filter:BENIGN
BENIGN 10275 8388 1887 18.364963503649633
DoS GoldenEye 23 2 21 91.30434782608695
DoS Hulk 90 0 90 100.0
DoS Slowhttptest 6 6 0 0.0
DoS slowloris 13 0 13 100.0
未檢出:8388, 檢出(惡意)132, 檢出(未知)2011, SSE檢出3930, 總防禦率:0.41494036409290647
Test on:M2 Seed:1344 Filter:BENIGN
BENIGN 11253 4897 6356 56.48271572025238
DoS Hulk 1 0 1 100.0
DoS Slowhttptest 23 0 23 100.0
DoS slowloris 8 0 8 100.0
未檢出:4897, 檢出(惡意)32, 檢出(未知)6388, SSE檢出3052, 總防禦率:0.6584362139917695
Test on:M2 Seed:65536 Filter:BENIGN
BENIGN 10555 6658 3897 36.92089057318806
DoS GoldenEye 4 0 4 100.0
DoS Hulk 1 0 1 100.0
DoS Slowhttptest 3 0 3 100.0
未檢出:6658, 檢出(惡意)8, 檢出(未知)3905, SSE檢出3774, 總防禦率:0.535607170258771
Test on:M2 Seed:815149 Filter:BENIGN
BENIGN 10959 6061 4898 44.69385892873437
DoS Hulk 2 0 2 100.0
DoS Slowhttptest 57 33 24 42.10526315789474
DoS slowloris 5 0 5 100.0
未檢出:6061, 檢出(惡意)64, 檢出(未知)4929, SSE檢出3314, 總防禦率:0.5772476808258352
Test on:M2 Seed:0 Filter:DrDoS_NTP
BENIGN 40588 6094 34494 84.98571006208732
DoS Hulk 3 0 3 100.0
DoS slowloris 247 0 247 100.0
未檢出:6094, 檢出(惡意)250, 檢出(未知)34744, SSE檢出1161801, 總防禦率:0.9949328102614334
Test on:M2 Seed:42 Filter:DrDoS_NTP
BENIGN 253717 65223 188494 74.29301150494449
未檢出:65223, 檢出(惡意)0, 檢出(未知)188494, SSE檢出948922, 總防禦率:0.9457667679162243
Test on:M2 Seed:123 Filter:DrDoS_NTP
BENIGN 278481 51320 227161 81.57145370779335
DoS GoldenEye 10 0 10 100.0
DoS Hulk 19 0 19 100.0
DoS slowloris 245 225 20 8.16326530612245
未檢出:51320, 檢出(惡意)274, 檢出(未知)227210, SSE檢出923884, 總防禦率:0.9573271779810899
Test on:M2 Seed:222 Filter:DrDoS_NTP
BENIGN 46582 43404 3178 6.822377742475634
DoS GoldenEye 14 0 14 100.0
DoS Hulk 14 0 14 100.0
未檢出:43404, 檢出(惡意)28, 檢出(未知)3206, SSE檢出1156029, 總防禦率:0.963909369311988
Test on:M2 Seed:419 Filter:DrDoS_NTP
BENIGN 62425 17461 44964 72.02883460152182
DoS GoldenEye 5 0 5 100.0
DoS Hulk 488 0 488 100.0
DoS Slowhttptest 1 1 0 0.0
DoS slowloris 17 0 17 100.0
未檢出:17461, 檢出(惡意)511, 檢出(未知)45474, SSE檢出1139703, 總防禦率:0.9854810961560369
Test on:M2 Seed:844 Filter:DrDoS_NTP
BENIGN 28035 15043 12992 46.34207240948814
DoS GoldenEye 4 0 4 100.0
DoS Hulk 1 0 1 100.0
DoS Slowhttptest 2 1 1 50.0
未檢出:15043, 檢出(惡意)7, 檢出(未知)12998, SSE檢出1174597, 總防禦率:0.9874916745590323
Test on:M2 Seed:918 Filter:DrDoS_NTP
BENIGN 58901 28288 30613 51.97365070202543
DoS GoldenEye 12 0 12 100.0
DoS Hulk 5 0 5 100.0
DoS Slowhttptest 4647 4288 359 7.725414245749946
DoS slowloris 1 0 1 100.0
未檢出:28288, 檢出(惡意)4665, 檢出(未知)30990, SSE檢出1139073, 總防禦率:0.976478394597215
Test on:M2 Seed:1344 Filter:DrDoS_NTP
BENIGN 189170 234 188936 99.8763017391764
DoS GoldenEye 19 9 10 52.63157894736842
DoS Slowhttptest 98502 0 98502 100.0
DoS slowloris 130228 0 130228 100.0
Heartbleed 106630 0 106630 100.0
未檢出:234, 檢出(惡意)335379, 檢出(未知)524306, SSE檢出678090, 總防禦率:0.9998054278964843
Test on:M2 Seed:65536 Filter:DrDoS_NTP
BENIGN 97006 13683 83323 85.89468692658185
DoS Hulk 2993 0 2993 100.0
DoS Slowhttptest 3514 1924 1590 45.24758110415481
DoS slowloris 119 0 119 100.0
Heartbleed 4 0 4 100.0
未檢出:13683, 檢出(惡意)6630, 檢出(未知)88029, SSE檢出1099003, 總防禦率:0.9886225209726277
Test on:M2 Seed:815149 Filter:DrDoS_NTP
BENIGN 20785 733 20052 96.47341833052683
DoS GoldenEye 2 0 2 100.0
DoS Hulk 121 0 121 100.0
DoS Slowhttptest 1 1 0 0.0
未檢出:733, 檢出(惡意)124, 檢出(未知)20175, SSE檢出1181730, 總防禦率:0.9993905070432607
Test on:M1 Seed:0 Filter:BENIGN
BENIGN 13541 12804 737 5.442729488220959
DoS Hulk 438 394 44 10.045662100456621
DoS Slowhttptest 37 21 16 43.24324324324324
DoS slowloris 4 0 4 100.0
未檢出:12804, 檢出(惡意)479, 檢出(未知)801, SSE檢出317, 總防禦率:0.10692613517472274
Test on:M1 Seed:42 Filter:BENIGN
BENIGN 13934 13589 345 2.4759580881297545
DoS Hulk 20 14 6 30.0
未檢出:13589, 檢出(惡意)20, 檢出(未知)351, SSE檢出383, 總防禦率:0.05217270000697496
Test on:M1 Seed:123 Filter:BENIGN
BENIGN 13391 13110 281 2.0984243148383244
DoS GoldenEye 1 0 1 100.0
DoS Hulk 481 463 18 3.7422037422037424
DoS Slowhttptest 3 1 2 66.66666666666667
DoS slowloris 32 0 32 100.0
未檢出:13110, 檢出(惡意)517, 檢出(未知)334, SSE檢出429, 總防禦率:0.08558275789914208
Test on:M1 Seed:222 Filter:BENIGN
BENIGN 13447 13206 241 1.7922213133040827
DoS GoldenEye 2 2 0 0.0
DoS Hulk 426 398 28 6.572769953051643
DoS Slowhttptest 8 7 1 12.5
DoS slowloris 6 0 6 100.0
未檢出:13206, 檢出(惡意)442, 檢出(未知)276, SSE檢出448, 總防禦率:0.0788867964009207
Test on:M1 Seed:419 Filter:BENIGN
BENIGN 13432 13377 55 0.4094699225729601
DoS Hulk 489 474 15 3.067484662576687
DoS Slowhttptest 4 1 3 75.0
DoS slowloris 2 0 2 100.0
未檢出:13377, 檢出(惡意)495, 檢出(未知)75, SSE檢出410, 總防禦率:0.06695961498221385
Test on:M1 Seed:844 Filter:BENIGN
BENIGN 13264 13005 259 1.9526537997587454
DoS Hulk 487 477 10 2.0533880903490758
DoS Slowhttptest 6 5 1 16.666666666666668
未檢出:13005, 檢出(惡意)493, 檢出(未知)270, SSE檢出580, 總防禦率:0.09290646578782172
Test on:M1 Seed:918 Filter:BENIGN
BENIGN 13234 13061 173 1.307238930028714
DoS Hulk 481 437 44 9.147609147609147
DoS Slowhttptest 71 71 0 0.0
DoS slowloris 1 1 0 0.0
未檢出:13061, 檢出(惡意)553, 檢出(未知)217, SSE檢出550, 總防禦率:0.08900048824719257
Test on:M1 Seed:1344 Filter:BENIGN
BENIGN 13444 13047 397 2.952990181493603
DoS Hulk 360 223 137 38.05555555555556
DoS Slowhttptest 2 0 2 100.0
DoS slowloris 1 0 1 100.0
未檢出:13047, 檢出(惡意)363, 檢出(未知)537, SSE檢出530, 總防禦率:0.08997698263234986
Test on:M1 Seed:65536 Filter:BENIGN
BENIGN 13438 12520 918 6.831373716326834
DoS Hulk 490 95 395 80.61224489795919
DoS Slowhttptest 22 10 12 54.54545454545455
未檢出:12520, 檢出(惡意)512, 檢出(未知)1325, SSE檢出387, 總防禦率:0.12673502127362768
Test on:M1 Seed:815149 Filter:BENIGN
BENIGN 13459 13244 215 1.597444089456869
DoS Hulk 363 308 55 15.151515151515152
DoS Slowhttptest 1 0 1 100.0
DoS slowloris 3 0 3 100.0
未檢出:13244, 檢出(惡意)367, 檢出(未知)274, SSE檢出511, 總防禦率:0.07623631164120806
Test on:M1 Seed:0 Filter:DrDoS_NTP
BENIGN 127090 77335 49755 39.1494216696829
DoS GoldenEye 23 19 4 17.391304347826086
DoS Hulk 111 27 84 75.67567567567568
DoS Slowhttptest 5019 6 5013 99.88045427375971
未檢出:77335, 檢出(惡意)5153, 檢出(未知)54856, SSE檢出1070396, 總防禦率:0.9356955827974979
Test on:M1 Seed:42 Filter:DrDoS_NTP
BENIGN 243158 197113 46045 18.936247213745794
DoS GoldenEye 8 0 8 100.0
DoS Hulk 123 103 20 16.260162601626018
DoS Slowhttptest 10 9 1 10.0
未檢出:197113, 檢出(惡意)141, 檢出(未知)46074, SSE檢出959340, 總防禦率:0.8360996109389435
Test on:M1 Seed:123 Filter:DrDoS_NTP
BENIGN 720399 446965 273434 37.95591054401797
DoS GoldenEye 39 0 39 100.0
DoS Hulk 110 79 31 28.181818181818183
DoS Slowhttptest 11714 4375 7339 62.65152808605088
DoS slowloris 22203 0 22203 100.0
預測為 Heartbleed 類 共：2179
未檢出:446965, 檢出(惡意)34066, 檢出(未知)303046, SSE檢出446022, 總防禦率:0.6283464946671445
Test on:M1 Seed:222 Filter:DrDoS_NTP
BENIGN 129142 102003 27139 21.014851868485852
DoS GoldenEye 8 8 0 0.0
DoS Hulk 88 57 31 35.22727272727273
DoS Slowhttptest 6 4 2 33.333333333333336
DoS slowloris 2 1 1 50.0
未檢出:102003, 檢出(惡意)104, 檢出(未知)27173, SSE檢出1073393, 總防禦率:0.9151840244661947
Test on:M1 Seed:419 Filter:DrDoS_NTP
BENIGN 640675 544981 95694 14.936434229523549
DoS GoldenEye 11 0 11 100.0
DoS Hulk 105 80 25 23.80952380952381
DoS Slowhttptest 10718 5601 5117 47.742116066430306
DoS slowloris 1 1 0 0.0
未檢出:544981, 檢出(惡意)10835, 檢出(未知)100847, SSE檢出551129, 總防禦率:0.5468457284355488
Test on:M1 Seed:844 Filter:DrDoS_NTP
BENIGN 261216 192800 68416 26.191351218914615
DoS GoldenEye 11 11 0 0.0
DoS Hulk 258 98 160 62.01550387596899
DoS Slowhttptest 13 4 9 69.23076923076923
未檢出:192800, 檢出(惡意)282, 檢出(未知)68585, SSE檢出941141, 總防禦率:0.8396858907785295
Test on:M1 Seed:918 Filter:DrDoS_NTP
BENIGN 552563 552474 89 0.016106760677063067
DoS Hulk 135 105 30 22.22222222222222
DoS Slowhttptest 6 5 1 16.666666666666668
DoS slowloris 7 0 7 100.0
未檢出:552474, 檢出(惡意)148, 檢出(未知)127, SSE檢出649928, 總防禦率:0.5406152635994675
Test on:M1 Seed:1344 Filter:DrDoS_NTP
BENIGN 164318 91748 72570 44.164364220596646
DoS GoldenEye 24 8 16 66.66666666666667
DoS Hulk 1916 76 1840 96.03340292275574
DoS Slowhttptest 4 4 0 0.0
DoS slowloris 1 0 1 100.0
未檢出:91748, 檢出(惡意)1945, 檢出(未知)74427, SSE檢出1036376, 總防禦率:0.9237111053275339
Test on:M1 Seed:65536 Filter:DrDoS_NTP
BENIGN 585501 454377 131124 22.395179512929953
DoS GoldenEye 3 0 3 100.0
DoS Hulk 598 47 551 92.14046822742475
DoS Slowhttptest 49301 49099 202 0.4097279974037038
未檢出:454377, 檢出(惡意)49902, 檢出(未知)131880, SSE檢出567236, 總防禦率:0.6221833817130494
Test on:M1 Seed:815149 Filter:DrDoS_NTP
BENIGN 454590 371440 83150 18.291207461668755
DoS GoldenEye 10 10 0 0.0
DoS Hulk 27329 13262 14067 51.47279446741557
DoS Slowhttptest 2 1 1 50.0
DoS slowloris 48833 606 48227 98.75903589785595
未檢出:371440, 檢出(惡意)76174, 檢出(未知)145445, SSE檢出671875, 總防禦率:0.6911458883339057
