Test on:M2 Seed:0 Filter:BENIGN
BENIGN 2146 1891 255 11.882572227399814
DoS Hulk 3 0 3 100.0
DoS slowloris 9 2 7 77.77777777777777
未檢出:1891, 檢出(惡意)12, 檢出(未知)265, SSE檢出1222, 總防禦率:0.4405325443786982
Test on:M2 Seed:42 Filter:BENIGN
BENIGN 2528 1307 1221 48.299050632911396
DoS GoldenEye 2 0 2 100.0
DoS Slowhttptest 3 0 3 100.0
未檢出:1307, 檢出(惡意)5, 檢出(未知)1226, SSE檢出847, 總防禦率:0.6133136094674556
Test on:M2 Seed:123 Filter:BENIGN
BENIGN 2266 1298 968 42.71844660194175
DoS GoldenEye 4 0 4 100.0
DoS Hulk 1 0 1 100.0
DoS Slowhttptest 2 0 2 100.0
DoS slowloris 2 0 2 100.0
未檢出:1298, 檢出(惡意)9, 檢出(未知)977, SSE檢出1105, 總防禦率:0.6159763313609468
Test on:M2 Seed:222 Filter:BENIGN
BENIGN 2532 1916 616 24.328593996840443
DoS GoldenEye 2 0 2 100.0
DoS Hulk 7 0 7 100.0
未檢出:1916, 檢出(惡意)9, 檢出(未知)625, SSE檢出839, 總防禦率:0.4331360946745562
Test on:M2 Seed:419 Filter:BENIGN
BENIGN 2552 2109 443 17.358934169278996
未檢出:2109, 檢出(惡意)0, 檢出(未知)443, SSE檢出828, 總防禦率:0.3760355029585799
Test on:M2 Seed:844 Filter:BENIGN
BENIGN 2457 1862 595 24.216524216524217
DoS Hulk 2 0 2 100.0
未檢出:1862, 檢出(惡意)2, 檢出(未知)597, SSE檢出921, 總防禦率:0.44911242603550294
Test on:M2 Seed:918 Filter:BENIGN
BENIGN 2327 1957 370 15.900300816501934
DoS GoldenEye 3 0 3 100.0
DoS Hulk 22 0 22 100.0
DoS slowloris 1 0 1 100.0
未檢出:1957, 檢出(惡意)26, 檢出(未知)396, SSE檢出1027, 總防禦率:0.4210059171597633
Test on:M2 Seed:1344 Filter:BENIGN
BENIGN 2473 1008 1465 59.239789729074
DoS Hulk 2 0 2 100.0
DoS slowloris 3 0 3 100.0
未檢出:1008, 檢出(惡意)5, 檢出(未知)1470, SSE檢出902, 總防禦率:0.7017751479289941
Test on:M2 Seed:65536 Filter:BENIGN
BENIGN 2372 1401 971 40.935919055649244
DoS GoldenEye 2 0 2 100.0
DoS Hulk 2 0 2 100.0
未檢出:1401, 檢出(惡意)4, 檢出(未知)975, SSE檢出1004, 總防禦率:0.5855029585798817
Test on:M2 Seed:815149 Filter:BENIGN
BENIGN 2413 1223 1190 49.316203895565685
DoS Slowhttptest 4 0 4 100.0
DoS slowloris 2 0 2 100.0
未檢出:1223, 檢出(惡意)6, 檢出(未知)1196, SSE檢出961, 總防禦率:0.6381656804733727
Test on:M2 Seed:0 Filter:DrDoS_DNS
BENIGN 62211 11408 50803 81.66240696982848
DoS Hulk 3 0 3 100.0
DoS Slowhttptest 390556 0 390556 100.0
未檢出:11408, 檢出(惡意)390559, 檢出(未知)441362, SSE檢出4618232, 總防禦率:0.9977503459868483
Test on:M2 Seed:42 Filter:DrDoS_DNS
BENIGN 159343 46624 112719 70.73985051116145
DoS Slowhttptest 68 0 68 100.0
未檢出:46624, 檢出(惡意)68, 檢出(未知)112787, SSE檢出4911591, 總防禦率:0.9908057618592933
Test on:M2 Seed:123 Filter:DrDoS_DNS
BENIGN 675422 535509 139913 20.71490120250747
DoS GoldenEye 3 0 3 100.0
DoS Hulk 11 0 11 100.0
DoS Slowhttptest 36 0 36 100.0
DoS slowloris 3 0 3 100.0
未檢出:535509, 檢出(惡意)53, 檢出(未知)139966, SSE檢出4395527, 總防禦率:0.8943977935721579
Test on:M2 Seed:222 Filter:DrDoS_DNS
BENIGN 13111 12415 696 5.308519563725116
DoS GoldenEye 4 0 4 100.0
DoS Hulk 10 0 10 100.0
DoS Slowhttptest 8 7 1 12.5
DoS slowloris 1 0 1 100.0
未檢出:12415, 檢出(惡意)23, 檢出(未知)712, SSE檢出5057868, 總防禦率:0.9975517659034644
Test on:M2 Seed:419 Filter:DrDoS_DNS
BENIGN 11146 10874 272 2.440337340750045
DoS GoldenEye 5 3 2 40.0
DoS Hulk 113 0 113 100.0
DoS Slowhttptest 2 2 0 0.0
DoS slowloris 6 0 6 100.0
未檢出:10874, 檢出(惡意)126, 檢出(未知)393, SSE檢出5059730, 總防禦率:0.9978556506189507
Test on:M2 Seed:844 Filter:DrDoS_DNS
BENIGN 853967 119216 734751 86.03974158252016
DoS GoldenEye 7 1 6 85.71428571428571
未檢出:119216, 檢出(惡意)7, 檢出(未知)734757, SSE檢出4217028, 總防禦率:0.9764906422833199
Test on:M2 Seed:918 Filter:DrDoS_DNS
BENIGN 75725 68050 7675 10.135358204027732
DoS GoldenEye 4 0 4 100.0
DoS Hulk 7 0 7 100.0
DoS Slowhttptest 633895 460450 173445 27.361787046750646
DoS slowloris 1 0 1 100.0
未檢出:68050, 檢出(惡意)633907, 檢出(未知)181132, SSE檢出4361370, 總防禦率:0.986580561395953
Test on:M2 Seed:1344 Filter:DrDoS_DNS
BENIGN 619678 32132 587546 94.81472635788265
DoS GoldenEye 11 9 2 18.181818181818183
DoS Slowhttptest 1010 0 1010 100.0
DoS slowloris 22096 0 22096 100.0
Heartbleed 1 0 1 100.0
未檢出:32132, 檢出(惡意)23118, 檢出(未知)610655, SSE檢出4428206, 總防禦率:0.9936635797027885
Test on:M2 Seed:65536 Filter:DrDoS_DNS
BENIGN 3817742 67306 3750436 98.2370207311023
DoS Hulk 305 0 305 100.0
DoS Slowhttptest 20373 15860 4513 22.15186766799195
DoS slowloris 3 0 3 100.0
Heartbleed 6 0 6 100.0
未檢出:67306, 檢出(惡意)20687, 檢出(未知)3755263, SSE檢出1232573, 總防禦率:0.986727277962028
Test on:M2 Seed:815149 Filter:DrDoS_DNS
BENIGN 12164 499 11665 95.89773100953634
DoS GoldenEye 4 0 4 100.0
DoS Hulk 40 0 40 100.0
未檢出:499, 檢出(惡意)44, 檢出(未知)11709, SSE檢出5058794, 總防禦率:0.9999015973568932
Test on:M1 Seed:0 Filter:BENIGN
BENIGN 3166 2997 169 5.337965887555275
DoS Hulk 157 140 17 10.828025477707007
DoS Slowhttptest 7 7 0 0.0
未檢出:2997, 檢出(惡意)164, 檢出(未知)186, SSE檢出50, 總防禦率:0.11331360946745563
Test on:M1 Seed:42 Filter:BENIGN
BENIGN 3289 3154 135 4.1045910611128
DoS Hulk 2 1 1 50.0
未檢出:3154, 檢出(惡意)2, 檢出(未知)136, SSE檢出89, 總防禦率:0.06686390532544378
Test on:M1 Seed:123 Filter:BENIGN
BENIGN 3098 2924 174 5.616526791478373
DoS Hulk 166 162 4 2.4096385542168677
DoS Slowhttptest 1 1 0 0.0
DoS slowloris 4 0 4 100.0
未檢出:2924, 檢出(惡意)171, 檢出(未知)182, SSE檢出111, 總防禦率:0.1349112426035503
Test on:M1 Seed:222 Filter:BENIGN
BENIGN 3125 3063 62 1.984
DoS Hulk 147 141 6 4.081632653061225
DoS Slowhttptest 3 1 2 66.66666666666667
DoS slowloris 2 0 2 100.0
未檢出:3063, 檢出(惡意)152, 檢出(未知)72, SSE檢出103, 總防禦率:0.09378698224852071
Test on:M1 Seed:419 Filter:BENIGN
BENIGN 3093 3071 22 0.7112835434852893
DoS Hulk 166 162 4 2.4096385542168677
DoS Slowhttptest 3 1 2 66.66666666666667
未檢出:3071, 檢出(惡意)169, 檢出(未知)28, SSE檢出118, 總防禦率:0.09142011834319527
Test on:M1 Seed:844 Filter:BENIGN
BENIGN 3099 3006 93 3.000968054211036
DoS Hulk 166 163 3 1.8072289156626506
DoS Slowhttptest 1 1 0 0.0
未檢出:3006, 檢出(惡意)167, 檢出(未知)96, SSE檢出114, 總防禦率:0.11065088757396449
Test on:M1 Seed:918 Filter:BENIGN
BENIGN 3071 3014 57 1.8560729404102898
DoS Hulk 162 154 8 4.938271604938271
DoS Slowhttptest 16 16 0 0.0
未檢出:3014, 檢出(惡意)178, 檢出(未知)65, SSE檢出131, 總防禦率:0.10828402366863905
Test on:M1 Seed:1344 Filter:BENIGN
BENIGN 3112 3005 107 3.4383033419023135
DoS Hulk 128 73 55 42.96875
DoS Slowhttptest 2 0 2 100.0
未檢出:3005, 檢出(惡意)130, 檢出(未知)164, SSE檢出138, 總防禦率:0.11094674556213018
Test on:M1 Seed:65536 Filter:BENIGN
BENIGN 3134 2876 258 8.232291001914486
DoS Hulk 167 28 139 83.23353293413173
DoS Slowhttptest 3 1 2 66.66666666666667
未檢出:2876, 檢出(惡意)170, 檢出(未知)399, SSE檢出76, 總防禦率:0.14911242603550295
Test on:M1 Seed:815149 Filter:BENIGN
BENIGN 3114 3007 107 3.4360950545921645
DoS Hulk 128 104 24 18.75
未檢出:3007, 檢出(惡意)128, 檢出(未知)131, SSE檢出138, 總防禦率:0.11035502958579882
Test on:M1 Seed:0 Filter:DrDoS_DNS
BENIGN 267477 86204 181273 67.77143455325131
DoS GoldenEye 22 13 9 40.90909090909091
DoS Hulk 120 44 76 63.333333333333336
DoS Slowhttptest 390839 340982 49857 12.75640353188909
未檢出:86204, 檢出(惡意)390981, 檢出(未知)231215, SSE檢出4412544, 總防禦率:0.9830005983038461
Test on:M1 Seed:42 Filter:DrDoS_DNS
BENIGN 4332526 648757 3683769 85.02589482440497
DoS GoldenEye 11 0 11 100.0
DoS Hulk 127 106 21 16.53543307086614
DoS Slowhttptest 2 0 2 100.0
未檢出:648757, 檢出(惡意)140, 檢出(未知)3683803, SSE檢出738336, 總防禦率:0.8720653235790481
Test on:M1 Seed:123 Filter:DrDoS_DNS
BENIGN 317970 177916 140054 44.046293675503975
DoS GoldenEye 9093 0 9093 100.0
DoS Hulk 161 104 57 35.40372670807454
DoS Slowhttptest 654449 359722 294727 45.03437242627004
DoS slowloris 111226 0 111226 100.0
預測為 Heartbleed 類 共：269
未檢出:177916, 檢出(惡意)774929, 檢出(未知)555157, SSE檢出3977835, 總防禦率:0.964915020739491
Test on:M1 Seed:222 Filter:DrDoS_DNS
BENIGN 748145 101836 646309 86.38820014836696
DoS GoldenEye 10 9 1 10.0
DoS Hulk 121 96 25 20.66115702479339
DoS slowloris 1 0 1 100.0
未檢出:101836, 檢出(惡意)132, 檢出(未知)646336, SSE檢出4322725, 總防禦率:0.9799179728187841
Test on:M1 Seed:419 Filter:DrDoS_DNS
BENIGN 464597 132800 331797 71.41608749087919
DoS GoldenEye 16 0 16 100.0
DoS Hulk 127 101 26 20.47244094488189
DoS Slowhttptest 114266 29617 84649 74.08065391279996
未檢出:132800, 檢出(惡意)114409, 檢出(未知)416488, SSE檢出4491996, 總防禦率:0.9738118817543358
Test on:M1 Seed:844 Filter:DrDoS_DNS
BENIGN 2545238 77170 2468068 96.96806349740181
DoS GoldenEye 13 13 0 0.0
DoS Hulk 145 114 31 21.379310344827587
DoS Slowhttptest 7 0 7 100.0
未檢出:77170, 檢出(惡意)165, 檢出(未知)2468106, SSE檢出2525599, 總防禦率:0.9847821002634194
Test on:M1 Seed:918 Filter:DrDoS_DNS
BENIGN 4367746 3767040 600706 13.753226492566188
DoS Hulk 139 103 36 25.899280575539567
DoS Slowhttptest 4 4 0 0.0
DoS slowloris 11 0 11 100.0
未檢出:3767040, 檢出(惡意)154, 檢出(未知)600753, SSE檢出703102, 總防禦率:0.25714089641455473
Test on:M1 Seed:1344 Filter:DrDoS_DNS
BENIGN 1516790 74187 1442603 95.10894718451466
DoS GoldenEye 301557 14 301543 99.99535742828056
DoS Hulk 147 112 35 23.80952380952381
DoS slowloris 2389574 0 2389574 100.0
未檢出:74187, 檢出(惡意)2691278, 檢出(未知)4133755, SSE檢出862934, 總防禦率:0.9853703469255188
Test on:M1 Seed:65536 Filter:DrDoS_DNS
BENIGN 4715496 3069685 1645811 34.90218208222422
DoS GoldenEye 5 0 5 100.0
DoS Hulk 614 72 542 88.27361563517915
DoS Slowhttptest 221200 210830 10370 4.688065099457504
未檢出:3069685, 檢出(惡意)221819, 檢出(未知)1656728, SSE檢出133687, 總防禦率:0.3946590831555578
Test on:M1 Seed:815149 Filter:DrDoS_DNS
BENIGN 4058882 3433366 625516 15.411041759775228
DoS GoldenEye 15 12 3 20.0
DoS Hulk 120 59 61 50.833333333333336
DoS Slowhttptest 30409 0 30409 100.0
DoS slowloris 385653 582 385071 99.84908713273332
未檢出:3433366, 檢出(惡意)416197, 檢出(未知)1041060, SSE檢出595923, 總防禦率:0.32294130430238444
