Test on:M1 Seed:0 Filter:BENIGN
BENIGN 89428 84851 4577 5.118083821621863
DoS GoldenEye 6 3 3 50.0
DoS Hulk 92 14 78 84.78260869565217
DoS Slowhttptest 23 21 2 8.695652173913043
DoS slowloris 8 0 8 100.0
未檢出:84851, 檢出(惡意)129, 檢出(未知)4668, SSE檢出8157, 總防禦率:0.1316392737990462
Test on:M1 Seed:42 Filter:BENIGN
BENIGN 79078 76057 3021 3.8202787121576165
DoS GoldenEye 3 3 0 0.0
DoS Hulk 280 166 114 40.714285714285715
DoS Slowhttptest 112 15 97 86.60714285714286
DoS slowloris 2 0 2 100.0
未檢出:76057, 檢出(惡意)397, 檢出(未知)3234, SSE檢出18239, 總防禦率:0.22163661297255255
Test on:M1 Seed:123 Filter:BENIGN
BENIGN 83192 82239 953 1.1455428406577555
DoS GoldenEye 4 1 3 75.0
DoS Hulk 108 43 65 60.18518518518518
DoS Slowhttptest 15 15 0 0.0
DoS slowloris 18 0 18 100.0
未檢出:82239, 檢出(惡意)145, 檢出(未知)1039, SSE檢出14377, 總防禦率:0.15837034611212314
Test on:M1 Seed:222 Filter:BENIGN
BENIGN 88659 79118 9541 10.761456817694762
DoS GoldenEye 2 0 2 100.0
DoS Hulk 97 28 69 71.1340206185567
DoS Slowhttptest 21 15 6 28.571428571428573
DoS slowloris 1 0 1 100.0
未檢出:79118, 檢出(惡意)121, 檢出(未知)9619, SSE檢出8934, 總防禦率:0.19031049798391222
Test on:M1 Seed:419 Filter:BENIGN
BENIGN 86407 85662 745 0.8621986644600553
DoS GoldenEye 8 6 2 25.0
DoS Hulk 80 33 47 58.75
DoS Slowhttptest 19 15 4 21.05263157894737
DoS slowloris 2 1 1 50.0
未檢出:85662, 檢出(惡意)109, 檢出(未知)799, SSE檢出11198, 總防禦率:0.12333954192848517
Test on:M1 Seed:844 Filter:BENIGN
BENIGN 84719 82933 1786 2.108145752428617
DoS GoldenEye 6 6 0 0.0
DoS Hulk 163 47 116 71.16564417177914
DoS Slowhttptest 20 17 3 15.0
DoS slowloris 16 0 16 100.0
未檢出:82933, 檢出(惡意)205, 檢出(未知)1921, SSE檢出12790, 總防禦率:0.15126798616370224
Test on:M1 Seed:918 Filter:BENIGN
BENIGN 83606 82549 1057 1.2642633303829869
DoS GoldenEye 17 11 6 35.294117647058826
DoS Hulk 142 33 109 76.7605633802817
DoS Slowhttptest 31 31 0 0.0
DoS slowloris 3 1 2 66.66666666666667
未檢出:82549, 檢出(惡意)193, 檢出(未知)1174, SSE檢出13915, 總防禦率:0.15519782221585443
Test on:M1 Seed:1344 Filter:BENIGN
BENIGN 73718 72779 939 1.273773026940503
DoS GoldenEye 9 0 9 100.0
DoS Hulk 152 28 124 81.57894736842105
DoS Slowhttptest 15 14 1 6.666666666666667
DoS slowloris 5 0 5 100.0
未檢出:72779, 檢出(惡意)181, 檢出(未知)1078, SSE檢出23815, 總防禦率:0.255183494688581
Test on:M1 Seed:65536 Filter:BENIGN
BENIGN 90348 83472 6876 7.6105724531810335
DoS GoldenEye 6 3 3 50.0
DoS Hulk 106 24 82 77.35849056603773
DoS Slowhttptest 35 15 20 57.142857142857146
DoS slowloris 15 0 15 100.0
未檢出:83472, 檢出(惡意)162, 檢出(未知)6996, SSE檢出7204, 總防禦率:0.1457518881634157
Test on:M1 Seed:815149 Filter:BENIGN
BENIGN 78146 77283 863 1.1043431525605918
DoS GoldenEye 6 6 0 0.0
DoS Hulk 75 20 55 73.33333333333333
DoS Slowhttptest 59 15 44 74.57627118644068
DoS slowloris 27 0 27 100.0
未檢出:77283, 檢出(惡意)167, 檢出(未知)989, SSE檢出19401, 總防禦率:0.20908979266021246
Test on:M1 Seed:0 Filter:DDoS
BENIGN 71519 70822 697 0.9745661991918232
DoS Hulk 27 18 9 33.333333333333336
未檢出:70822, 檢出(惡意)27, 檢出(未知)706, SSE檢出56481, 總防禦率:0.4468198114460231
Test on:M1 Seed:42 Filter:DDoS
BENIGN 78519 54729 23790 30.298399113590342
DoS Hulk 12370 11532 838 6.77445432497979
未檢出:54729, 檢出(惡意)12370, 檢出(未知)24628, SSE檢出37138, 總防禦率:0.5725198590922227
Test on:M1 Seed:123 Filter:DDoS
BENIGN 108719 100784 7935 7.298632253791886
DoS GoldenEye 53 1 52 98.11320754716981
DoS Hulk 2090 438 1652 79.04306220095694
DoS slowloris 145 20 125 86.20689655172414
未檢出:100784, 檢出(惡意)2288, 檢出(未知)9764, SSE檢出17020, 總防禦率:0.21279105188749248
Test on:M1 Seed:222 Filter:DDoS
BENIGN 114828 87843 26985 23.500365764447697
DoS GoldenEye 33 1 32 96.96969696969697
DoS Hulk 12990 12068 922 7.097767513471902
未檢出:87843, 檢出(惡意)13023, 檢出(未知)27939, SSE檢出176, 總防禦率:0.31387129277418047
Test on:M1 Seed:419 Filter:DDoS
BENIGN 57341 46610 10731 18.71435796376066
DoS Hulk 53 48 5 9.433962264150944
未檢出:46610, 檢出(惡意)53, 檢出(未知)10736, SSE檢出70633, 總防禦率:0.6359361697142009
Test on:M1 Seed:844 Filter:DDoS
BENIGN 47922 47914 8 0.016693794082049997
DoS Hulk 25 5 20 80.0
未檢出:47914, 檢出(惡意)25, 檢出(未知)28, SSE檢出80080, 總防禦率:0.6257508181867887
Test on:M1 Seed:918 Filter:DDoS
BENIGN 63407 63098 309 0.4873278975507436
DoS Hulk 4974 4448 526 10.574989947728186
未檢出:63098, 檢出(惡意)4974, 檢出(未知)835, SSE檢出59646, 總防禦率:0.507150835370664
Test on:M1 Seed:1344 Filter:DDoS
BENIGN 85882 43719 42163 49.09410586618849
DoS GoldenEye 7 0 7 100.0
DoS Hulk 423 391 32 7.5650118203309695
未檢出:43719, 檢出(惡意)430, 檢出(未知)42202, SSE檢出41715, 總防禦率:0.6585173439977505
Test on:M1 Seed:65536 Filter:DDoS
BENIGN 90121 59171 30950 34.342717013792566
DoS Hulk 24 16 8 33.333333333333336
未檢出:59171, 檢出(惡意)24, 檢出(未知)30958, SSE檢出37882, 總防禦率:0.5378240527388753
Test on:M1 Seed:815149 Filter:DDoS
BENIGN 104442 68989 35453 33.94515616322935
DoS GoldenEye 3 3 0 0.0
DoS Hulk 107 37 70 65.42056074766356
未檢出:68989, 檢出(惡意)110, 檢出(未知)35523, SSE檢出23475, 總防禦率:0.46113710389214774
