Test on:M2 Seed:0 Filter:BENIGN
BENIGN 49791 49109 682 1.3697254523909943
DoS Hulk 9 0 9 100.0
DoS Slowhttptest 15 15 0 0.0
DoS slowloris 2 0 2 100.0
未檢出:49109, 檢出(惡意)26, 檢出(未知)693, SSE檢出1679, 總防禦率:0.0463531148050334
Test on:M2 Seed:42 Filter:BENIGN
BENIGN 50552 49452 1100 2.1759772115841116
DoS GoldenEye 6 6 0 0.0
DoS Slowhttptest 21 18 3 14.285714285714286
未檢出:49452, 檢出(惡意)27, 檢出(未知)1103, SSE檢出917, 總防禦率:0.03969240329345969
Test on:M2 Seed:123 Filter:BENIGN
BENIGN 49930 49417 513 1.027438413779291
DoS Hulk 557 0 557 100.0
DoS Slowhttptest 17 17 0 0.0
DoS slowloris 37 21 16 43.24324324324324
未檢出:49417, 檢出(惡意)611, 檢出(未知)1086, SSE檢出955, 總防禦率:0.040372067733416186
Test on:M2 Seed:222 Filter:BENIGN
BENIGN 49726 49206 520 1.0457306037083216
DoS GoldenEye 559 0 559 100.0
DoS Hulk 27 0 27 100.0
DoS Slowhttptest 19 15 4 21.05263157894737
DoS slowloris 42 11 31 73.80952380952381
未檢出:49206, 檢出(惡意)647, 檢出(未知)1141, SSE檢出1123, 總防禦率:0.044469473357153955
Test on:M2 Seed:419 Filter:BENIGN
BENIGN 49694 49218 476 0.9578621161508432
DoS GoldenEye 168 40 128 76.19047619047619
DoS Hulk 389 0 389 100.0
DoS Slowhttptest 16 16 0 0.0
DoS slowloris 37 15 22 59.45945945945946
未檢出:49218, 檢出(惡意)610, 檢出(未知)1015, SSE檢出1192, 總防禦率:0.04423644554916887
Test on:M2 Seed:844 Filter:BENIGN
BENIGN 50296 49345 951 1.8908064259583266
DoS GoldenEye 118 2 116 98.30508474576271
DoS Hulk 15 0 15 100.0
DoS Slowhttptest 14 14 0 0.0
DoS slowloris 37 30 7 18.91891891891892
未檢出:49345, 檢出(惡意)184, 檢出(未知)1089, SSE檢出1016, 總防禦率:0.041770234581326705
Test on:M2 Seed:918 Filter:BENIGN
BENIGN 49702 48869 833 1.6759888938070902
DoS GoldenEye 452 0 452 100.0
DoS Hulk 110 1 109 99.0909090909091
DoS Slowhttptest 16 16 0 0.0
DoS slowloris 40 15 25 62.5
未檢出:48869, 檢出(惡意)618, 檢出(未知)1419, SSE檢出1176, 總防禦率:0.05101367096473512
Test on:M2 Seed:1344 Filter:BENIGN
BENIGN 49840 49050 790 1.5850722311396468
DoS GoldenEye 519 1 518 99.8073217726397
DoS Slowhttptest 14 14 0 0.0
DoS slowloris 29 0 29 100.0
未檢出:49050, 檢出(惡意)562, 檢出(未知)1337, SSE檢出1094, 總防禦率:0.04749883486096008
Test on:M2 Seed:65536 Filter:BENIGN
BENIGN 50264 49223 1041 2.0710647779723064
DoS GoldenEye 2 0 2 100.0
DoS Hulk 3 0 3 100.0
DoS Slowhttptest 18 18 0 0.0
DoS slowloris 37 36 1 2.7027027027027026
Heartbleed 75 0 75 100.0
未檢出:49223, 檢出(惡意)135, 檢出(未知)1122, SSE檢出1097, 總防禦率:0.04413935062917508
Test on:M2 Seed:815149 Filter:BENIGN
BENIGN 49838 49102 736 1.4767847826959348
DoS Hulk 555 0 555 100.0
DoS Slowhttptest 20 18 2 10.0
未檢出:49102, 檢出(惡意)575, 檢出(未知)1293, SSE檢出1083, 總防禦率:0.0464890476930247
Test on:M2 Seed:0 Filter:DDoS
BENIGN 60995 21 60974 99.9655709484384
DoS GoldenEye 32240 13026 19214 59.596774193548384
DoS Hulk 1501 0 1501 100.0
DoS Slowhttptest 16 12 4 25.0
未檢出:21, 檢出(惡意)33757, 檢出(未知)81693, SSE檢出392, 總防禦率:0.9997792819305473
Test on:M2 Seed:42 Filter:DDoS
BENIGN 11331 21 11310 99.81466772570823
DoS GoldenEye 20815 5505 15310 73.55272639923132
DoS Hulk 31648 12 31636 99.96208291203236
DoS Slowhttptest 3697 0 3697 100.0
DoS slowloris 2 0 2 100.0
預測為 Heartbleed 類 共：437
未檢出:21, 檢出(惡意)56162, 檢出(未知)61955, SSE檢出27248, 總防禦率:0.9997792819305473
Test on:M2 Seed:123 Filter:DDoS
BENIGN 361 0 361 100.0
DoS GoldenEye 71384 21173 50211 70.33929171803206
DoS Hulk 23172 0 23172 100.0
DoS Slowhttptest 74 25 49 66.21621621621621
未檢出:0, 檢出(惡意)94630, 檢出(未知)73793, SSE檢出153, 總防禦率:1.0
Test on:M2 Seed:222 Filter:DDoS
BENIGN 38 0 38 100.0
DoS GoldenEye 60699 167 60532 99.72487190892765
DoS Hulk 33581 0 33581 100.0
未檢出:0, 檢出(惡意)94280, 檢出(未知)94151, SSE檢出826, 總防禦率:1.0
Test on:M2 Seed:419 Filter:DDoS
BENIGN 12 9 3 25.0
DoS GoldenEye 89 89 0 0.0
DoS Hulk 1069 0 1069 100.0
DoS Slowhttptest 104 95 9 8.653846153846153
未檢出:9, 檢出(惡意)1262, 檢出(未知)1081, SSE檢出93870, 總防禦率:0.9999054065416632
Test on:M2 Seed:844 Filter:DDoS
BENIGN 27589 0 27589 100.0
DoS GoldenEye 775 0 775 100.0
DoS Hulk 2 0 2 100.0
DoS Slowhttptest 30953 5365 25588 82.66726973152845
DoS slowloris 915 0 915 100.0
Heartbleed 7 0 7 100.0
未檢出:0, 檢出(惡意)32652, 檢出(未知)54876, SSE檢出34903, 總防禦率:1.0
Test on:M2 Seed:918 Filter:DDoS
DoS GoldenEye 9 1 8 88.88888888888889
DoS Hulk 15922 0 15922 100.0
DoS Slowhttptest 1717 576 1141 66.45311589982528
Heartbleed 76200 40176 36024 47.275590551181104
未檢出:0, 檢出(惡意)93848, 檢出(未知)53095, SSE檢出1296, 總防禦率:1.0
Test on:M2 Seed:1344 Filter:DDoS
BENIGN 30 14 16 53.333333333333336
DoS GoldenEye 16172 10837 5335 32.98911699233243
DoS Hulk 17173 0 17173 100.0
DoS Slowhttptest 61379 440 60939 99.28314244285505
DoS slowloris 2 0 2 100.0
Heartbleed 30 0 30 100.0
未檢出:14, 檢出(惡意)94756, 檢出(未知)83495, SSE檢出358, 總防禦率:0.9998528546203649
Test on:M2 Seed:65536 Filter:DDoS
BENIGN 11053 13 11040 99.88238487288518
DoS GoldenEye 38834 9 38825 99.97682443219858
DoS Hulk 14674 0 14674 100.0
Heartbleed 3987 0 3987 100.0
未檢出:13, 檢出(惡意)57495, 檢出(未知)68526, SSE檢出26596, 總防禦率:0.9998633650046246
Test on:M2 Seed:815149 Filter:DDoS
BENIGN 25 11 14 56.0
DoS GoldenEye 75497 15572 59925 79.37401486151768
DoS Hulk 16810 0 16810 100.0
DoS Slowhttptest 1017 8 1009 99.2133726647001
DoS slowloris 165 0 165 100.0
未檢出:11, 檢出(惡意)93489, 檢出(未知)77923, SSE檢出1630, 總防禦率:0.9998843857731439
