no_od:DDoS,0.9579372937550226,0.9869852355395867,0.9579372937550226,0.966528437339332
DDoS,369892,790,83,272584,0.9986430382265302,0.9971101860454908,0.9996955993941328,0.9984012189560857
no_od:DrDoS_LDAP,0.9820848699462594,0.9843728301347784,0.9820848699462594,0.9826011048919259
DrDoS_LDAP,320456,332,1216,2356235,0.9994220082673727,0.9998591170970313,0.9994841886427331,0.999671617715503
no_od:DrDoS_MSSQL,0.9736939010310897,0.9813132839348734,0.9736939010310897,0.9757325629812245
DrDoS_MSSQL,320275,906,3635,4696377,0.9990956332489112,0.9998071225429679,0.999226597719325,0.9995167758381535
no_od:DrDoS_DNS,0.9345675739276202,0.969215846818117,0.9345675739276202,0.9451441002057112
DrDoS_DNS,318552,4014,1649,5246876,0.998983502513242,0.999235558162521,0.9996858164913,0.9994606366164209
no_od:DrDoS_NetBIOS,0.13177313697558218,0.9346789208634185,0.13177313697558218,0.09372780209351717
DrDoS_NetBIOS,319771,1120,5984,4264812,0.998452856216027,0.9997374547929971,0.9985988560446343,0.9991678310472115
no_od:DrDoS_NTP,0.326528504363404,0.8474989963037035,0.326528504363404,0.22961012417064763
DrDoS_NTP,331545,1978,8984,1371178,0.9936032584751573,0.998559522734489,0.9934906192171644,0.996018621895473
no_od:DrDoS_UDP,0.525848196630084,0.9253321588502118,0.525848196630084,0.6086934193267576
DrDoS_UDP,320541,796,1831,3310335,0.9992770062388829,0.9997595987594571,0.9994471895430362,0.9996033697416861
no_od:DrDoS_SNMP,0.9575406755019464,0.9756731246823375,0.9575406755019464,0.9628076239591191
DrDoS_SNMP,320146,542,4839,5332547,0.9990489696670634,0.9998983703440913,0.9990933764205924,0.9994957112968261
no_od:DrDoS_SSDP,0.5462331901903458,0.9159491910021803,0.5462331901903458,0.6183564614734471
DrDoS_SSDP,317620,2328,200549,2587584,0.9347259611316436,0.9991011277603254,0.9280705045275817,0.9622768124848342
no_od:syn_data,0.29351296379067215,0.8431056214505259,0.29351296379067215,0.19546254694075973
syn_data,318383,1192,843,1556695,0.9989158883881791,0.9992348610650195,0.9994587611987636,0.9993467985908825
