Test on:M2 Seed:0 Filter:BENIGN
BENIGN 260 217 43 16.53846153846154
DoS slowloris 3 0 3 100.0
未檢出:217, 檢出(惡意)3, 檢出(未知)46, SSE檢出126, 總防禦率:0.442159383033419
Test on:M2 Seed:42 Filter:BENIGN
BENIGN 325 183 142 43.69230769230769
DoS Slowhttptest 1 1 0 0.0
未檢出:183, 檢出(惡意)1, 檢出(未知)142, SSE檢出63, 總防禦率:0.5295629820051414
Test on:M2 Seed:123 Filter:BENIGN
BENIGN 293 183 110 37.54266211604096
未檢出:183, 檢出(惡意)0, 檢出(未知)110, SSE檢出96, 總防禦率:0.5295629820051414
Test on:M2 Seed:222 Filter:BENIGN
BENIGN 303 243 60 19.801980198019802
DoS GoldenEye 1 0 1 100.0
未檢出:243, 檢出(惡意)1, 檢出(未知)61, SSE檢出85, 總防禦率:0.37532133676092544
Test on:M2 Seed:419 Filter:BENIGN
BENIGN 308 266 42 13.636363636363637
未檢出:266, 檢出(惡意)0, 檢出(未知)42, SSE檢出81, 總防禦率:0.3161953727506427
Test on:M2 Seed:844 Filter:BENIGN
BENIGN 297 256 41 13.804713804713804
DoS Hulk 2 0 2 100.0
未檢出:256, 檢出(惡意)2, 檢出(未知)43, SSE檢出90, 總防禦率:0.34190231362467866
Test on:M2 Seed:918 Filter:BENIGN
BENIGN 291 239 52 17.869415807560138
DoS Hulk 2 0 2 100.0
DoS slowloris 1 0 1 100.0
未檢出:239, 檢出(惡意)3, 檢出(未知)55, SSE檢出95, 總防禦率:0.3856041131105398
Test on:M2 Seed:1344 Filter:BENIGN
BENIGN 322 138 184 57.142857142857146
DoS Hulk 1 0 1 100.0
DoS Slowhttptest 1 0 1 100.0
未檢出:138, 檢出(惡意)2, 檢出(未知)186, SSE檢出65, 總防禦率:0.6452442159383034
Test on:M2 Seed:65536 Filter:BENIGN
BENIGN 254 200 54 21.25984251968504
未檢出:200, 檢出(惡意)0, 檢出(未知)54, SSE檢出135, 總防禦率:0.48586118251928023
Test on:M2 Seed:815149 Filter:BENIGN
BENIGN 300 172 128 42.666666666666664
DoS Slowhttptest 1 1 0 0.0
未檢出:172, 檢出(惡意)1, 檢出(未知)128, SSE檢出88, 總防禦率:0.5578406169665809
Test on:M2 Seed:0 Filter:Syn
BENIGN 225197 12214 212983 94.57630430245518
DoS GoldenEye 3 0 3 100.0
DoS Hulk 38616 31622 6994 18.111663559146468
DoS Slowhttptest 14537 1 14536 99.99312100158217
DoS slowloris 55754 62 55692 99.88879721634322
未檢出:12214, 檢出(惡意)108910, 檢出(未知)290208, SSE檢出1045908, 總防禦率:0.9911493715648019
Test on:M2 Seed:42 Filter:Syn
BENIGN 75924 10004 65920 86.82366577103419
未檢出:10004, 檢出(惡意)0, 檢出(未知)65920, SSE檢出1304091, 總防禦率:0.992750803433296
Test on:M2 Seed:123 Filter:Syn
BENIGN 257046 4861 252185 98.1088987963244
DoS GoldenEye 63 0 63 100.0
DoS Hulk 3 0 3 100.0
DoS Slowhttptest 9 0 9 100.0
未檢出:4861, 檢出(惡意)75, 檢出(未知)252260, SSE檢出1122894, 總防禦率:0.9964775745191176
Test on:M2 Seed:222 Filter:Syn
BENIGN 368768 38679 330089 89.5112916522041
DoS GoldenEye 1 0 1 100.0
DoS Hulk 35481 203 35278 99.42786279980835
未檢出:38679, 檢出(惡意)35482, 檢出(未知)365368, SSE檢出975765, 總防禦率:0.9719720437821328
Test on:M2 Seed:419 Filter:Syn
BENIGN 403886 331315 72571 17.96818904344295
DoS GoldenEye 2 1 1 50.0
DoS Hulk 924 0 924 100.0
DoS Slowhttptest 6 6 0 0.0
DoS slowloris 2 0 2 100.0
未檢出:331315, 檢出(惡意)934, 檢出(未知)73498, SSE檢出975195, 總防禦率:0.759919276239751
Test on:M2 Seed:844 Filter:Syn
BENIGN 444357 407692 36665 8.251248433129218
DoS GoldenEye 1 0 1 100.0
未檢出:407692, 檢出(惡意)1, 檢出(未知)36666, SSE檢出935657, 總防禦率:0.7045742256424748
Test on:M2 Seed:918 Filter:Syn
BENIGN 233117 186122 46995 20.159404934003096
DoS GoldenEye 2 0 2 100.0
DoS Hulk 1 0 1 100.0
DoS Slowhttptest 4 4 0 0.0
未檢出:186122, 檢出(惡意)7, 檢出(未知)46998, SSE檢出1146891, 總防禦率:0.8651304514805999
Test on:M2 Seed:1344 Filter:Syn
BENIGN 393679 25720 367959 93.46675845041264
DoS GoldenEye 3 2 1 33.333333333333336
DoS Hulk 32584 3 32581 99.99079302725264
DoS slowloris 54 0 54 100.0
未檢出:25720, 檢出(惡意)32641, 檢出(未知)400595, SSE檢出953695, 總防禦率:0.9813625214218686
Test on:M2 Seed:65536 Filter:Syn
BENIGN 426653 120420 306233 71.77565843905937
DoS GoldenEye 3963 0 3963 100.0
DoS Hulk 5 0 5 100.0
DoS Slowhttptest 1 0 1 100.0
Heartbleed 1 0 1 100.0
未檢出:120420, 檢出(惡意)3970, 檢出(未知)310203, SSE檢出949392, 總防禦率:0.9127400789121858
Test on:M2 Seed:815149 Filter:Syn
BENIGN 465668 377191 88477 19.000017179621533
DoS GoldenEye 1 0 1 100.0
DoS Hulk 3 0 3 100.0
DoS Slowhttptest 74 0 74 100.0
DoS slowloris 164 0 164 100.0
未檢出:377191, 檢出(惡意)242, 檢出(未知)88719, SSE檢出914105, 總防禦率:0.7266761593171088
Test on:M1 Seed:0 Filter:BENIGN
BENIGN 362 332 30 8.287292817679559
DoS Hulk 16 15 1 6.25
DoS Slowhttptest 1 0 1 100.0
未檢出:332, 檢出(惡意)17, 檢出(未知)32, SSE檢出10, 總防禦率:0.14652956298200515
Test on:M1 Seed:42 Filter:BENIGN
BENIGN 378 369 9 2.380952380952381
未檢出:369, 檢出(惡意)0, 檢出(未知)9, SSE檢出11, 總防禦率:0.05141388174807198
Test on:M1 Seed:123 Filter:BENIGN
BENIGN 361 357 4 1.10803324099723
DoS Hulk 16 16 0 0.0
未檢出:357, 檢出(惡意)16, 檢出(未知)4, SSE檢出12, 總防禦率:0.08226221079691516
Test on:M1 Seed:222 Filter:BENIGN
BENIGN 360 354 6 1.6666666666666667
DoS Hulk 16 15 1 6.25
未檢出:354, 檢出(惡意)16, 檢出(未知)7, SSE檢出13, 總防禦率:0.08997429305912596
Test on:M1 Seed:419 Filter:BENIGN
BENIGN 357 356 1 0.2801120448179272
DoS Hulk 16 15 1 6.25
未檢出:356, 檢出(惡意)16, 檢出(未知)2, SSE檢出16, 總防禦率:0.08483290488431877
Test on:M1 Seed:844 Filter:BENIGN
BENIGN 363 357 6 1.6528925619834711
DoS Hulk 16 16 0 0.0
未檢出:357, 檢出(惡意)16, 檢出(未知)6, SSE檢出10, 總防禦率:0.08226221079691516
Test on:M1 Seed:918 Filter:BENIGN
BENIGN 360 359 1 0.2777777777777778
DoS Hulk 16 16 0 0.0
DoS Slowhttptest 1 1 0 0.0
未檢出:359, 檢出(惡意)17, 檢出(未知)1, SSE檢出12, 總防禦率:0.07712082262210797
Test on:M1 Seed:1344 Filter:BENIGN
BENIGN 347 339 8 2.3054755043227666
DoS Hulk 15 8 7 46.666666666666664
未檢出:339, 檢出(惡意)15, 檢出(未知)15, SSE檢出27, 總防禦率:0.12853470437017994
Test on:M1 Seed:65536 Filter:BENIGN
BENIGN 358 340 18 5.027932960893855
DoS Hulk 16 5 11 68.75
DoS Slowhttptest 1 1 0 0.0
未檢出:340, 檢出(惡意)17, 檢出(未知)29, SSE檢出14, 總防禦率:0.12596401028277635
Test on:M1 Seed:815149 Filter:BENIGN
BENIGN 355 352 3 0.8450704225352113
DoS Hulk 15 14 1 6.666666666666667
未檢出:352, 檢出(惡意)15, 檢出(未知)4, SSE檢出19, 總防禦率:0.09511568123393316
Test on:M1 Seed:0 Filter:Syn
BENIGN 1374671 1014315 360356 26.213981381726974
DoS GoldenEye 70 0 70 100.0
DoS Hulk 709 0 709 100.0
DoS Slowhttptest 101 70 31 30.693069306930692
Heartbleed 2 2 0 0.0
未檢出:1014315, 檢出(惡意)882, 檢出(未知)361166, SSE檢出4462, 總防禦率:0.2649971195965261
Test on:M1 Seed:42 Filter:Syn
BENIGN 1377085 1162274 214811 15.598964479316818
DoS Hulk 4 2 2 50.0
未檢出:1162274, 檢出(惡意)4, 檢出(未知)214813, SSE檢出2926, 總防禦率:0.15778161831574294
Test on:M1 Seed:123 Filter:Syn
BENIGN 1264769 1231154 33615 2.6577975899156288
DoS Hulk 2 0 2 100.0
DoS Slowhttptest 807 3 804 99.62825278810409
DoS slowloris 6 0 6 100.0
預測為 Heartbleed 類 共：18424
未檢出:1231154, 檢出(惡意)815, 檢出(未知)34427, SSE檢出111930, 總防禦率:0.10786911736466633
Test on:M1 Seed:222 Filter:Syn
BENIGN 1357366 1304262 53104 3.912283054091527
DoS Hulk 162 0 162 100.0
未檢出:1304262, 檢出(惡意)162, 檢出(未知)53266, SSE檢出22487, 總防禦率:0.054892881599113055
Test on:M1 Seed:419 Filter:Syn
BENIGN 1340162 1148631 191531 14.291630414830445
DoS Hulk 38 1 37 97.36842105263158
DoS Slowhttptest 4 0 4 100.0
未檢出:1148631, 檢出(惡意)42, 檢出(未知)191572, SSE檢出39811, 總防禦率:0.16766774274192672
Test on:M1 Seed:844 Filter:Syn
BENIGN 1373124 1153227 219897 16.014358499305235
DoS Hulk 4 2 2 50.0
未檢出:1153227, 檢出(惡意)4, 檢出(未知)219899, SSE檢出6887, 總防禦率:0.16433734415930262
Test on:M1 Seed:918 Filter:Syn
BENIGN 1265091 933511 331580 26.209972247055745
DoS GoldenEye 328 328 0 0.0
DoS Hulk 327 52 275 84.09785932721712
DoS Slowhttptest 3 3 0 0.0
未檢出:933511, 檢出(惡意)658, 檢出(未知)331855, SSE檢出114266, 總防禦率:0.3235501063394238
Test on:M1 Seed:1344 Filter:Syn
BENIGN 1289565 1236199 53366 4.138294696273549
DoS Hulk 280 0 280 100.0
未檢出:1236199, 檢出(惡意)280, 檢出(未知)53646, SSE檢出90170, 總防禦率:0.10421335999971015
Test on:M1 Seed:65536 Filter:Syn
BENIGN 1376808 1150969 225839 16.403085978582343
DoS Hulk 3 0 3 100.0
DoS Slowhttptest 72 71 1 1.3888888888888888
未檢出:1150969, 檢出(惡意)75, 檢出(未知)225843, SSE檢出3132, 總防禦率:0.16597355825842472
Test on:M1 Seed:815149 Filter:Syn
BENIGN 1364754 1180177 184577 13.524561935704163
DoS Hulk 2 0 2 100.0
未檢出:1180177, 檢出(惡意)2, 檢出(未知)184579, SSE檢出15259, 總防禦率:0.14480857092133056
