Test on:M2 Seed:0
0.9993336138463366 0.9993419856261537 0.9993336138463366 0.9993355826635254
Test on:M2 Seed:42
0.9992973753243851 0.9992852441472648 0.9992973753243851 0.9992888966082042
Test on:M2 Seed:123
0.999331600595117 0.9993412390062019 0.999331600595117 0.9993336102098859
Test on:M2 Seed:222
0.9992289247829211 0.9992391317582073 0.9992289247829211 0.9992315669056866
Test on:M2 Seed:419
0.9992369777877993 0.9992507305908774 0.9992369777877993 0.9992404183001781
Test on:M2 Seed:844
0.9992208717780431 0.9992306621671068 0.9992208717780431 0.9992239394827005
Test on:M2 Seed:918
0.999327574092678 0.9993352512125456 0.999327574092678 0.9993291766435279
Test on:M2 Seed:1344
0.9993034150780437 0.9993094276215121 0.9993034150780437 0.9993047543588238
Test on:M2 Seed:65536
0.9992752295609703 0.9993178833600126 0.9992752295609703 0.9992902827668143
Test on:M2 Seed:815149
0.9993054283292632 0.999316189556499 0.9993054283292632 0.9993082371342088
Test on:M2 Seed:0
0.9993336138463366 0.9993419856261537 0.9993336138463366 0.9993355826635254
Test on:M2 Seed:0
0.9993336138463366 0.9993419856261537 0.9993336138463366 0.9993355826635254
Test on:M2 Seed:0
0.9993336138463366 0.9993419856261537 0.9993336138463366 0.9993355826635254
Test on:M2 Seed:0
0.9993336138463366 0.9993419856261537 0.9993336138463366 0.9993355826635254
Test on:M2 Seed:0
0.9993336138463366 0.9993419856261537 0.9993336138463366 0.9993355826635254
Test on:M2 Seed:0
0.9993336138463366 0.9993419856261537 0.9993336138463366 0.9993355826635254
Test on:M2 Seed:42
0.9992973753243851 0.9992852441472648 0.9992973753243851 0.9992888966082042
Test on:M2 Seed:123
0.999331600595117 0.9993412390062019 0.999331600595117 0.9993336102098859
Test on:M2 Seed:0
0.9993336138463366 0.9993336138463366 0.9993336138463366 0.9993336138463366
Test on:M2 Seed:42
0.9992973753243851 0.9992973753243851 0.9992973753243851 0.9992973753243851
Test on:M2 Seed:123
0.999331600595117 0.999331600595117 0.999331600595117 0.999331600595117
Test on:M2 Seed:222
0.9992289247829211 0.9992289247829211 0.9992289247829211 0.9992289247829211
Test on:M2 Seed:419
0.9992369777877993 0.9992369777877993 0.9992369777877993 0.9992369777877993
Test on:M2 Seed:844
0.9992208717780431 0.9992208717780431 0.9992208717780431 0.9992208717780431
Test on:M2 Seed:918
0.999327574092678 0.999327574092678 0.999327574092678 0.999327574092678
Test on:M2 Seed:1344
0.9993034150780437 0.9993034150780437 0.9993034150780437 0.9993034150780437
Test on:M2 Seed:65536
0.9992752295609703 0.9992752295609703 0.9992752295609703 0.9992752295609703
Test on:M2 Seed:815149
0.9993054283292632 0.9993054283292632 0.9993054283292632 0.9993054283292632
Test on:M2 Seed:0
0.9993336138463366 0.9993336138463366 0.9993336138463366 0.9993336138463366
Test on:M2 Seed:42
0.9992973753243851 0.9992973753243851 0.9992973753243851 0.9992973753243851
Test on:M2 Seed:123
0.999331600595117 0.999331600595117 0.999331600595117 0.999331600595117
Test on:M2 Seed:222
0.9992289247829211 0.9992289247829211 0.9992289247829211 0.9992289247829211
Test on:M2 Seed:419
0.9992369777877993 0.9992369777877993 0.9992369777877993 0.9992369777877993
Test on:M2 Seed:844
0.9992208717780431 0.9992208717780431 0.9992208717780431 0.9992208717780431
Test on:M2 Seed:918
0.999327574092678 0.999327574092678 0.999327574092678 0.999327574092678
Test on:M2 Seed:1344
0.9993034150780437 0.9993034150780437 0.9993034150780437 0.9993034150780437
Test on:M2 Seed:65536
0.9992752295609703 0.9992752295609703 0.9992752295609703 0.9992752295609703
Test on:M2 Seed:815149
0.9993054283292632 0.9993054283292632 0.9993054283292632 0.9993054283292632
Test on:M2 Seed:0
0.9993336138463366 0.9993336138463366 0.9993336138463366 0.9993336138463366
Test on:M2 Seed:0
0.9993336138463366 0.9993336138463366 0.9993336138463366 0.9993336138463366
Test on:M2 Seed:42
0.9992973753243851 0.9992973753243851 0.9992973753243851 0.9992973753243851
Test on:M2 Seed:0
0.9993336138463366 0.9993336138463366 0.9993336138463366 0.9993336138463366
Test on:M2 Seed:42
0.9992973753243851 0.9992973753243851 0.9992973753243851 0.9992973753243851
Test on:M2 Seed:123
0.999331600595117 0.999331600595117 0.999331600595117 0.999331600595117
Test on:M2 Seed:222
0.9992289247829211 0.9992289247829211 0.9992289247829211 0.9992289247829211
Test on:M2 Seed:419
0.9992369777877993 0.9992369777877993 0.9992369777877993 0.9992369777877993
Test on:M2 Seed:844
0.9992208717780431 0.9992208717780431 0.9992208717780431 0.9992208717780431
Test on:M2 Seed:918
0.999327574092678 0.999327574092678 0.999327574092678 0.999327574092678
Test on:M2 Seed:1344
0.9993034150780437 0.9993034150780437 0.9993034150780437 0.9993034150780437
Test on:M2 Seed:65536
0.9992752295609703 0.9992752295609703 0.9992752295609703 0.9992752295609703
Test on:M2 Seed:815149
0.9993054283292632 0.9993054283292632 0.9993054283292632 0.9993054283292632
Test on:M2 Seed:0
0.9993336138463366 0.9993336138463366 0.9993336138463366 0.9993336138463366
Test on:M2 Seed:42
0.9992973753243851 0.9992973753243851 0.9992973753243851 0.9992973753243851
Test on:M2 Seed:123
0.999331600595117 0.999331600595117 0.999331600595117 0.999331600595117
Test on:M2 Seed:222
0.9992289247829211 0.9992289247829211 0.9992289247829211 0.9992289247829211
Test on:M2 Seed:419
0.9992369777877993 0.9992369777877993 0.9992369777877993 0.9992369777877993
Test on:M2 Seed:844
0.9992228850292626 0.9992228850292626 0.9992228850292626 0.9992228850292626
Test on:M2 Seed:918
0.999327574092678 0.999327574092678 0.999327574092678 0.999327574092678
Test on:M2 Seed:1344
0.9993034150780437 0.9993034150780437 0.9993034150780437 0.9993034150780437
Test on:M2 Seed:65536
0.9992752295609703 0.9992752295609703 0.9992752295609703 0.9992752295609703
Test on:M2 Seed:815149
0.9993054283292632 0.9993054283292632 0.9993054283292632 0.9993054283292632
Test on:M2 Seed:0
0.9993336138463366 0.9993336138463366 0.9993336138463366 0.9993336138463366
Test on:M2 Seed:42
0.9992973753243851 0.9992973753243851 0.9992973753243851 0.9992973753243851
Test on:M2 Seed:123
0.999331600595117 0.999331600595117 0.999331600595117 0.999331600595117
Test on:M2 Seed:222
0.9992289247829211 0.9992289247829211 0.9992289247829211 0.9992289247829211
Test on:M2 Seed:419
0.9992369777877993 0.9992369777877993 0.9992369777877993 0.9992369777877993
Test on:M2 Seed:844
0.9992228850292626 0.9992228850292626 0.9992228850292626 0.9992228850292626
Test on:M2 Seed:918
0.999327574092678 0.999327574092678 0.999327574092678 0.999327574092678
Test on:M2 Seed:1344
0.9993034150780437 0.9993034150780437 0.9993034150780437 0.9993034150780437
Test on:M2 Seed:65536
0.9992752295609703 0.9992752295609703 0.9992752295609703 0.9992752295609703
Test on:M2 Seed:815149
0.9993054283292632 0.9993054283292632 0.9993054283292632 0.9993054283292632
