Test on:M1 Seed:0
0.9975943154135855 0.9976006785577733 0.9975943154135855 0.9975959935906208
Test on:M1 Seed:42
0.9970550603951164 0.9970785680846699 0.9970550603951164 0.9970602145397488
Test on:M1 Seed:123
0.9974295028878335 0.9974230487973516 0.9974295028878335 0.9974232941314022
Test on:M1 Seed:222
0.9973586624162384 0.9973655363224039 0.9973586624162384 0.9973604910895816
Test on:M1 Seed:419
0.9977750309023485 0.9977780167897463 0.9977750309023485 0.9977758695225076
Test on:M1 Seed:844
0.9969553054453191 0.9969728848403725 0.9969553054453191 0.996957983636094
Test on:M1 Seed:918
0.9972198729208683 0.9972357274667801 0.9972198729208683 0.997222809301142
Test on:M1 Seed:1344
0.9969553054453191 0.9969678827756581 0.9969553054453191 0.9969565202299219
Test on:M1 Seed:65536
0.9973760111031597 0.9973851569375477 0.9973760111031597 0.9973778962490492
Test on:M1 Seed:815149
0.9975263663898105 0.9975372675320747 0.9975263663898105 0.9975291488105472
Test on:M1 Seed:0
0.9975943154135855 0.9975943154135855 0.9975943154135855 0.9975943154135855
Test on:M1 Seed:42
0.9970550603951164 0.9970550603951164 0.9970550603951164 0.9970550603951164
Test on:M1 Seed:123
0.9974295028878335 0.9974295028878335 0.9974295028878335 0.9974295028878335
Test on:M1 Seed:222
0.9973586624162384 0.9973586624162384 0.9973586624162384 0.9973586624162384
Test on:M1 Seed:419
0.9977750309023485 0.9977750309023485 0.9977750309023485 0.9977750309023485
Test on:M1 Seed:844
0.9969553054453191 0.9969553054453191 0.9969553054453191 0.9969553054453191
Test on:M1 Seed:918
0.9972198729208683 0.9972198729208683 0.9972198729208683 0.9972198729208683
Test on:M1 Seed:1344
0.9969553054453191 0.9969553054453191 0.9969553054453191 0.9969553054453191
Test on:M1 Seed:65536
0.9973760111031597 0.9973760111031597 0.9973760111031597 0.9973760111031597
Test on:M1 Seed:815149
0.9975263663898105 0.9975263663898105 0.9975263663898105 0.9975263663898105
Test on:M1 Seed:0
0.9975943154135855 0.9975943154135855 0.9975943154135855 0.9975943154135855
Test on:M1 Seed:42
0.9970565061190264 0.9970565061190264 0.9970565061190264 0.9970565061190264
Test on:M1 Seed:123
0.9974295028878335 0.9974295028878335 0.9974295028878335 0.9974295028878335
Test on:M1 Seed:222
0.9973601081401485 0.9973601081401485 0.9973601081401485 0.9973601081401485
Test on:M1 Seed:419
0.9977750309023485 0.9977750309023485 0.9977750309023485 0.9977750309023485
Test on:M1 Seed:844
0.9969553054453191 0.9969553054453191 0.9969553054453191 0.9969553054453191
Test on:M1 Seed:918
0.9972184271969582 0.9972184271969582 0.9972184271969582 0.9972184271969582
Test on:M1 Seed:0
0.9975943154135855 0.9975943154135855 0.9975943154135855 0.9975943154135855
Test on:M1 Seed:0
0.9975943154135855 0.9975943154135855 0.9975943154135855 0.9975943154135855
Test on:M1 Seed:42
0.9970565061190264 0.9970565061190264 0.9970565061190264 0.9970565061190264
Test on:M1 Seed:123
0.9974295028878335 0.9974295028878335 0.9974295028878335 0.9974295028878335
Test on:M1 Seed:222
0.9973601081401485 0.9973601081401485 0.9973601081401485 0.9973601081401485
Test on:M1 Seed:419
0.9977750309023485 0.9977750309023485 0.9977750309023485 0.9977750309023485
Test on:M1 Seed:844
0.9969553054453191 0.9969553054453191 0.9969553054453191 0.9969553054453191
Test on:M1 Seed:918
0.9972184271969582 0.9972184271969582 0.9972184271969582 0.9972184271969582
Test on:M1 Seed:1344
0.9969553054453191 0.9969553054453191 0.9969553054453191 0.9969553054453191
Test on:M1 Seed:65536
0.9973760111031597 0.9973760111031597 0.9973760111031597 0.9973760111031597
Test on:M1 Seed:815149
0.9975263663898105 0.9975263663898105 0.9975263663898105 0.9975263663898105
Test on:M1 Seed:0
0.9975943154135855 0.9975943154135855 0.9975943154135855 0.9975943154135855
Test on:M1 Seed:42
0.9970565061190264 0.9970565061190264 0.9970565061190264 0.9970565061190264
Test on:M1 Seed:123
0.9974295028878335 0.9974295028878335 0.9974295028878335 0.9974295028878335
Test on:M1 Seed:222
0.9973601081401485 0.9973601081401485 0.9973601081401485 0.9973601081401485
Test on:M1 Seed:419
0.9977750309023485 0.9977750309023485 0.9977750309023485 0.9977750309023485
Test on:M1 Seed:844
0.9969553054453191 0.9969553054453191 0.9969553054453191 0.9969553054453191
Test on:M1 Seed:918
0.9972184271969582 0.9972184271969582 0.9972184271969582 0.9972184271969582
Test on:M1 Seed:1344
0.9969553054453191 0.9969553054453191 0.9969553054453191 0.9969553054453191
Test on:M1 Seed:65536
0.9973760111031597 0.9973760111031597 0.9973760111031597 0.9973760111031597
Test on:M1 Seed:815149
0.9975263663898105 0.9975263663898105 0.9975263663898105 0.9975263663898105
